Using pre-set license
Built from '2020.2/release' branch; Version is '2020.2.4f1 (becced5a802b) revision 12504301'; Using compiler version '192528614'; Build Type 'Release'
OS: 'Windows 10 Pro Education; OS build 18363.1556; Version 1909; 64bit' Language: 'ar' Physical Memory: 8096 MB
BatchMode: 1, IsHumanControllingUs: 0, StartBugReporterOnCrash: 0, Is64bit: 1, IsPro: 0

 COMMAND LINE ARGUMENTS:
C:\Program Files\Unity\Hub\Editor\2020.2.4f1\Editor\Unity.exe
-adb2
-batchMode
-noUpm
-name
AssetImportWorker1
-projectPath
C:/TafraJam/Tafra-Jam-Game/src
-logFile
Logs/AssetImportWorker1.log
-srvPort
49812
Successfully changed project path to: C:/TafraJam/Tafra-Jam-Game/src
C:/TafraJam/Tafra-Jam-Game/src
Using Asset Import Pipeline V2.
