Using pre-set license
Built from '2020.2/release' branch; Version is '2020.2.4f1 (becced5a802b) revision 12504301'; Using compiler version '192528614'; Build Type 'Release'
OS: 'Windows 10 Pro Education; OS build 18363.1556; Version 1909; 64bit' Language: 'ar' Physical Memory: 8096 MB
BatchMode: 1, IsHumanControllingUs: 0, StartBugReporterOnCrash: 0, Is64bit: 1, IsPro: 0

 COMMAND LINE ARGUMENTS:
C:\Program Files\Unity\Hub\Editor\2020.2.4f1\Editor\Unity.exe
-adb2
-batchMode
-noUpm
-name
AssetImportWorker0
-projectPath
C:/TafraJam/Tafra-Jam-Game/src
-logFile
Logs/AssetImportWorker0.log
-srvPort
49680
Successfully changed project path to: C:/TafraJam/Tafra-Jam-Game/src
C:/TafraJam/Tafra-Jam-Game/src
Using Asset Import Pipeline V2.
Refreshing native plugins compatible for Editor in 118.45 ms, found 1 plugins.
Preloading 0 native plugins for Editor in 0.00 ms.
Initialize engine version: 2020.2.4f1 (becced5a802b)
[Subsystems] Discovering subsystems at path C:/Program Files/Unity/Hub/Editor/2020.2.4f1/Editor/Data/Resources/UnitySubsystems
[Subsystems] Discovering subsystems at path C:/TafraJam/Tafra-Jam-Game/src/Assets
GfxDevice: creating device client; threaded=0
Direct3D:
    Version:  Direct3D 11.0 [level 11.1]
    Renderer: Intel(R) HD Graphics Family (ID=0xa1e)
    Vendor:   
    VRAM:     2048 MB
    Driver:   20.19.15.4531
Initialize mono
Mono path[0] = 'C:/Program Files/Unity/Hub/Editor/2020.2.4f1/Editor/Data/Managed'
Mono path[1] = 'C:/Program Files/Unity/Hub/Editor/2020.2.4f1/Editor/Data/MonoBleedingEdge/lib/mono/unityjit'
Mono config path = 'C:/Program Files/Unity/Hub/Editor/2020.2.4f1/Editor/Data/MonoBleedingEdge/etc'
Using monoOptions --debugger-agent=transport=dt_socket,embedding=1,server=y,suspend=n,address=127.0.0.1:56208
Begin MonoManager ReloadAssembly
Registering precompiled unity dll's ...
Register platform support module: C:/Program Files/Unity/Hub/Editor/2020.2.4f1/Editor/Data/PlaybackEngines/WindowsStandaloneSupport/UnityEditor.WindowsStandalone.Extensions.dll
Registered in 0.004449 seconds.
Native extension for WindowsStandalone target not found
Refreshing native plugins compatible for Editor in 81.00 ms, found 1 plugins.
Preloading 0 native plugins for Editor in 0.00 ms.
Invoked RoslynAnalysisRunner static constructor.
RoslynAnalysisRunner will not be running.
RoslynAnalysisRunner has terminated.
Mono: successfully reloaded assembly
- Completed reload, in  2.459 seconds
Platform modules already initialized, skipping
Registering precompiled user dll's ...
Registered in 0.002287 seconds.
Begin MonoManager ReloadAssembly
Native extension for WindowsStandalone target not found
Refreshing native plugins compatible for Editor in 80.82 ms, found 1 plugins.
Preloading 0 native plugins for Editor in 0.00 ms.
Invoked RoslynAnalysisRunner static constructor.
RoslynAnalysisRunner will not be running.
RoslynAnalysisRunner has terminated.
Mono: successfully reloaded assembly
- Completed reload, in  2.157 seconds
Platform modules already initialized, skipping
========================================================================
Worker process is ready to serve import requests
Launched and connected shader compiler UnityShaderCompiler.exe after 0.12 seconds
Refreshing native plugins compatible for Editor in 0.66 ms, found 1 plugins.
Preloading 0 native plugins for Editor in 0.00 ms.
Unloading 1847 Unused Serialized files (Serialized files now loaded: 0)
System memory in use before: 87.3 MB.
System memory in use after: 87.3 MB.

Unloading 23 unused Assets to reduce memory usage. Loaded Objects now: 2290.
Total: 4.137400 ms (FindLiveObjects: 0.343800 ms CreateObjectMapping: 0.168700 ms MarkObjects: 3.388600 ms  DeleteObjects: 0.234000 ms)

========================================================================
Received Import Request.
  path: Assets/Scripts/TextWriter.cs
  artifactKey: Guid(dcac6f5d52519ce4d98a0765e7acc9e7) Importer(815301076,1909f56bfc062723c751e8b465ee728b)
Start importing Assets/Scripts/TextWriter.cs using Guid(dcac6f5d52519ce4d98a0765e7acc9e7) Importer(815301076,1909f56bfc062723c751e8b465ee728b)  -> (artifact id: '5ab6539952be969aca9bcd12e2d89116') in 0.089435 seconds
  Import took 0.096345 seconds .

========================================================================
Received Prepare
Registering precompiled user dll's ...
Registered in 0.002894 seconds.
Begin MonoManager ReloadAssembly
Native extension for WindowsStandalone target not found
Refreshing native plugins compatible for Editor in 1.05 ms, found 1 plugins.
Preloading 0 native plugins for Editor in 0.00 ms.
Invoked RoslynAnalysisRunner static constructor.
RoslynAnalysisRunner will not be running.
RoslynAnalysisRunner has terminated.
Mono: successfully reloaded assembly
- Completed reload, in  1.850 seconds
Platform modules already initialized, skipping
Refreshing native plugins compatible for Editor in 0.87 ms, found 1 plugins.
Preloading 0 native plugins for Editor in 0.00 ms.
Unloading 1828 Unused Serialized files (Serialized files now loaded: 0)
System memory in use before: 86.2 MB.
System memory in use after: 86.3 MB.

Unloading 11 unused Assets to reduce memory usage. Loaded Objects now: 2293.
Total: 5.439500 ms (FindLiveObjects: 0.573400 ms CreateObjectMapping: 0.216000 ms MarkObjects: 4.407600 ms  DeleteObjects: 0.239100 ms)

========================================================================
Received Import Request.
  Time since last request: 84.616715 seconds.
  path: Assets/Scripts/ImageFade.cs
  artifactKey: Guid(7e702b8cb55b7b940aeef4d67f2a45d1) Importer(815301076,1909f56bfc062723c751e8b465ee728b)
Start importing Assets/Scripts/ImageFade.cs using Guid(7e702b8cb55b7b940aeef4d67f2a45d1) Importer(815301076,1909f56bfc062723c751e8b465ee728b)  -> (artifact id: '9e93c8edfc8505b976a0eee552997415') in 0.075952 seconds
  Import took 0.104876 seconds .

========================================================================
Received Import Request.
  Time since last request: 0.026249 seconds.
  path: Assets/Scripts/ImageFade.cs
  artifactKey: Guid(7e702b8cb55b7b940aeef4d67f2a45d1) Importer(815301076,1909f56bfc062723c751e8b465ee728b)
Start importing Assets/Scripts/ImageFade.cs using Guid(7e702b8cb55b7b940aeef4d67f2a45d1) Importer(815301076,1909f56bfc062723c751e8b465ee728b)  -> (artifact id: '9e93c8edfc8505b976a0eee552997415') in 0.040403 seconds
  Import took 0.068045 seconds .

========================================================================
Received Prepare
Registering precompiled user dll's ...
Registered in 0.002702 seconds.
Begin MonoManager ReloadAssembly
Native extension for WindowsStandalone target not found
Refreshing native plugins compatible for Editor in 0.69 ms, found 1 plugins.
Preloading 0 native plugins for Editor in 0.00 ms.
Invoked RoslynAnalysisRunner static constructor.
RoslynAnalysisRunner will not be running.
RoslynAnalysisRunner has terminated.
Mono: successfully reloaded assembly
- Completed reload, in  3.026 seconds
Platform modules already initialized, skipping
Refreshing native plugins compatible for Editor in 2.52 ms, found 1 plugins.
Preloading 0 native plugins for Editor in 0.00 ms.
Unloading 1828 Unused Serialized files (Serialized files now loaded: 0)
System memory in use before: 86.3 MB.
System memory in use after: 86.3 MB.

Unloading 11 unused Assets to reduce memory usage. Loaded Objects now: 2296.
Total: 4.953200 ms (FindLiveObjects: 0.522200 ms CreateObjectMapping: 0.278100 ms MarkObjects: 3.947400 ms  DeleteObjects: 0.201800 ms)

========================================================================
Received Prepare
Registering precompiled user dll's ...
Registered in 0.002016 seconds.
Begin MonoManager ReloadAssembly
Native extension for WindowsStandalone target not found
Refreshing native plugins compatible for Editor in 0.96 ms, found 1 plugins.
Preloading 0 native plugins for Editor in 0.00 ms.
Invoked RoslynAnalysisRunner static constructor.
RoslynAnalysisRunner will not be running.
RoslynAnalysisRunner has terminated.
Mono: successfully reloaded assembly
- Completed reload, in  3.042 seconds
Platform modules already initialized, skipping
Refreshing native plugins compatible for Editor in 1.09 ms, found 1 plugins.
Preloading 0 native plugins for Editor in 0.00 ms.
Unloading 1828 Unused Serialized files (Serialized files now loaded: 0)
System memory in use before: 86.3 MB.
System memory in use after: 86.3 MB.

Unloading 11 unused Assets to reduce memory usage. Loaded Objects now: 2299.
Total: 5.147300 ms (FindLiveObjects: 0.314900 ms CreateObjectMapping: 0.160200 ms MarkObjects: 4.414100 ms  DeleteObjects: 0.254400 ms)

========================================================================
Received Prepare
Registering precompiled user dll's ...
Registered in 0.003168 seconds.
Begin MonoManager ReloadAssembly
Native extension for WindowsStandalone target not found
Refreshing native plugins compatible for Editor in 1.29 ms, found 1 plugins.
Preloading 0 native plugins for Editor in 0.00 ms.
Invoked RoslynAnalysisRunner static constructor.
RoslynAnalysisRunner will not be running.
RoslynAnalysisRunner has terminated.
Mono: successfully reloaded assembly
- Completed reload, in  7.580 seconds
Platform modules already initialized, skipping
Refreshing native plugins compatible for Editor in 1.65 ms, found 1 plugins.
Preloading 0 native plugins for Editor in 0.00 ms.
Unloading 1828 Unused Serialized files (Serialized files now loaded: 0)
System memory in use before: 86.3 MB.
System memory in use after: 86.3 MB.

Unloading 11 unused Assets to reduce memory usage. Loaded Objects now: 2302.
Total: 7.021800 ms (FindLiveObjects: 0.535300 ms CreateObjectMapping: 0.222000 ms MarkObjects: 5.951900 ms  DeleteObjects: 0.308800 ms)

========================================================================
Received Prepare
Registering precompiled user dll's ...
Registered in 0.005660 seconds.
Begin MonoManager ReloadAssembly
Native extension for WindowsStandalone target not found
Refreshing native plugins compatible for Editor in 1.80 ms, found 1 plugins.
Preloading 0 native plugins for Editor in 0.00 ms.
Invoked RoslynAnalysisRunner static constructor.
RoslynAnalysisRunner will not be running.
RoslynAnalysisRunner has terminated.
Mono: successfully reloaded assembly
- Completed reload, in  5.462 seconds
Platform modules already initialized, skipping
Refreshing native plugins compatible for Editor in 0.70 ms, found 1 plugins.
Preloading 0 native plugins for Editor in 0.00 ms.
Unloading 1828 Unused Serialized files (Serialized files now loaded: 0)
System memory in use before: 86.3 MB.
System memory in use after: 86.3 MB.

Unloading 11 unused Assets to reduce memory usage. Loaded Objects now: 2305.
Total: 4.239400 ms (FindLiveObjects: 0.288600 ms CreateObjectMapping: 0.158300 ms MarkObjects: 3.609200 ms  DeleteObjects: 0.181100 ms)

========================================================================
Received Prepare
Registering precompiled user dll's ...
Registered in 0.001762 seconds.
Begin MonoManager ReloadAssembly
Native extension for WindowsStandalone target not found
Refreshing native plugins compatible for Editor in 0.66 ms, found 1 plugins.
Preloading 0 native plugins for Editor in 0.00 ms.
Invoked RoslynAnalysisRunner static constructor.
RoslynAnalysisRunner will not be running.
RoslynAnalysisRunner has terminated.
Mono: successfully reloaded assembly
- Completed reload, in  2.078 seconds
Platform modules already initialized, skipping
Refreshing native plugins compatible for Editor in 0.69 ms, found 1 plugins.
Preloading 0 native plugins for Editor in 0.00 ms.
Unloading 1828 Unused Serialized files (Serialized files now loaded: 0)
System memory in use before: 86.3 MB.
System memory in use after: 86.4 MB.

Unloading 11 unused Assets to reduce memory usage. Loaded Objects now: 2308.
Total: 4.240800 ms (FindLiveObjects: 0.290900 ms CreateObjectMapping: 0.157900 ms MarkObjects: 3.615300 ms  DeleteObjects: 0.174400 ms)

========================================================================
Received Prepare
Registering precompiled user dll's ...
Registered in 0.002458 seconds.
Begin MonoManager ReloadAssembly
Native extension for WindowsStandalone target not found
Refreshing native plugins compatible for Editor in 0.56 ms, found 1 plugins.
Preloading 0 native plugins for Editor in 0.00 ms.
Invoked RoslynAnalysisRunner static constructor.
RoslynAnalysisRunner will not be running.
RoslynAnalysisRunner has terminated.
Mono: successfully reloaded assembly
- Completed reload, in  1.864 seconds
Platform modules already initialized, skipping
Refreshing native plugins compatible for Editor in 1.87 ms, found 1 plugins.
Preloading 0 native plugins for Editor in 0.00 ms.
Unloading 1828 Unused Serialized files (Serialized files now loaded: 0)
System memory in use before: 86.3 MB.
System memory in use after: 86.4 MB.

Unloading 11 unused Assets to reduce memory usage. Loaded Objects now: 2311.
Total: 8.012000 ms (FindLiveObjects: 0.766800 ms CreateObjectMapping: 0.330500 ms MarkObjects: 6.391100 ms  DeleteObjects: 0.517200 ms)

========================================================================
Received Prepare
Registering precompiled user dll's ...
Registered in 0.001766 seconds.
Begin MonoManager ReloadAssembly
Native extension for WindowsStandalone target not found
Refreshing native plugins compatible for Editor in 0.64 ms, found 1 plugins.
Preloading 0 native plugins for Editor in 0.00 ms.
Invoked RoslynAnalysisRunner static constructor.
RoslynAnalysisRunner will not be running.
RoslynAnalysisRunner has terminated.
Mono: successfully reloaded assembly
- Completed reload, in  2.115 seconds
Platform modules already initialized, skipping
Refreshing native plugins compatible for Editor in 0.70 ms, found 1 plugins.
Preloading 0 native plugins for Editor in 0.00 ms.
Unloading 1828 Unused Serialized files (Serialized files now loaded: 0)
System memory in use before: 86.4 MB.
System memory in use after: 86.4 MB.

Unloading 11 unused Assets to reduce memory usage. Loaded Objects now: 2314.
Total: 4.218600 ms (FindLiveObjects: 0.301300 ms CreateObjectMapping: 0.162700 ms MarkObjects: 3.576900 ms  DeleteObjects: 0.175400 ms)

========================================================================
Received Prepare
Registering precompiled user dll's ...
Registered in 0.001775 seconds.
Begin MonoManager ReloadAssembly
Native extension for WindowsStandalone target not found
Refreshing native plugins compatible for Editor in 0.75 ms, found 1 plugins.
Preloading 0 native plugins for Editor in 0.00 ms.
Invoked RoslynAnalysisRunner static constructor.
RoslynAnalysisRunner will not be running.
RoslynAnalysisRunner has terminated.
Mono: successfully reloaded assembly
- Completed reload, in  2.195 seconds
Platform modules already initialized, skipping
Refreshing native plugins compatible for Editor in 0.56 ms, found 1 plugins.
Preloading 0 native plugins for Editor in 0.00 ms.
Unloading 1828 Unused Serialized files (Serialized files now loaded: 0)
System memory in use before: 86.4 MB.
System memory in use after: 86.4 MB.

Unloading 11 unused Assets to reduce memory usage. Loaded Objects now: 2317.
Total: 3.931500 ms (FindLiveObjects: 0.417500 ms CreateObjectMapping: 0.243000 ms MarkObjects: 3.095400 ms  DeleteObjects: 0.173500 ms)

========================================================================
Received Prepare
Registering precompiled user dll's ...
Registered in 0.002053 seconds.
Begin MonoManager ReloadAssembly
Native extension for WindowsStandalone target not found
Refreshing native plugins compatible for Editor in 1.19 ms, found 1 plugins.
Preloading 0 native plugins for Editor in 0.00 ms.
Invoked RoslynAnalysisRunner static constructor.
RoslynAnalysisRunner will not be running.
RoslynAnalysisRunner has terminated.
Mono: successfully reloaded assembly
- Completed reload, in  2.791 seconds
Platform modules already initialized, skipping
Refreshing native plugins compatible for Editor in 0.72 ms, found 1 plugins.
Preloading 0 native plugins for Editor in 0.00 ms.
Unloading 1828 Unused Serialized files (Serialized files now loaded: 0)
System memory in use before: 86.4 MB.
System memory in use after: 86.4 MB.

Unloading 11 unused Assets to reduce memory usage. Loaded Objects now: 2320.
Total: 4.280400 ms (FindLiveObjects: 0.448200 ms CreateObjectMapping: 0.176600 ms MarkObjects: 3.461800 ms  DeleteObjects: 0.191200 ms)

========================================================================
Received Prepare
Registering precompiled user dll's ...
Registered in 0.003031 seconds.
Begin MonoManager ReloadAssembly
Native extension for WindowsStandalone target not found
Refreshing native plugins compatible for Editor in 0.65 ms, found 1 plugins.
Preloading 0 native plugins for Editor in 0.00 ms.
Invoked RoslynAnalysisRunner static constructor.
RoslynAnalysisRunner will not be running.
RoslynAnalysisRunner has terminated.
Mono: successfully reloaded assembly
- Completed reload, in  2.078 seconds
Platform modules already initialized, skipping
Refreshing native plugins compatible for Editor in 0.67 ms, found 1 plugins.
Preloading 0 native plugins for Editor in 0.00 ms.
Unloading 1828 Unused Serialized files (Serialized files now loaded: 0)
System memory in use before: 86.4 MB.
System memory in use after: 86.4 MB.

Unloading 11 unused Assets to reduce memory usage. Loaded Objects now: 2323.
Total: 3.995400 ms (FindLiveObjects: 0.293100 ms CreateObjectMapping: 0.167400 ms MarkObjects: 3.342400 ms  DeleteObjects: 0.190700 ms)

========================================================================
Received Prepare
Registering precompiled user dll's ...
Registered in 0.001829 seconds.
Begin MonoManager ReloadAssembly
Native extension for WindowsStandalone target not found
Refreshing native plugins compatible for Editor in 0.65 ms, found 1 plugins.
Preloading 0 native plugins for Editor in 0.00 ms.
Invoked RoslynAnalysisRunner static constructor.
RoslynAnalysisRunner will not be running.
RoslynAnalysisRunner has terminated.
Mono: successfully reloaded assembly
- Completed reload, in  1.627 seconds
Platform modules already initialized, skipping
Refreshing native plugins compatible for Editor in 1.05 ms, found 1 plugins.
Preloading 0 native plugins for Editor in 0.00 ms.
Unloading 1828 Unused Serialized files (Serialized files now loaded: 0)
System memory in use before: 86.4 MB.
System memory in use after: 86.4 MB.

Unloading 11 unused Assets to reduce memory usage. Loaded Objects now: 2326.
Total: 4.247600 ms (FindLiveObjects: 0.316600 ms CreateObjectMapping: 0.164500 ms MarkObjects: 3.489900 ms  DeleteObjects: 0.273400 ms)

========================================================================
Received Prepare
Registering precompiled user dll's ...
Registered in 0.002191 seconds.
Begin MonoManager ReloadAssembly
Native extension for WindowsStandalone target not found
Refreshing native plugins compatible for Editor in 0.53 ms, found 1 plugins.
Preloading 0 native plugins for Editor in 0.00 ms.
Invoked RoslynAnalysisRunner static constructor.
RoslynAnalysisRunner will not be running.
RoslynAnalysisRunner has terminated.
Mono: successfully reloaded assembly
- Completed reload, in  1.616 seconds
Platform modules already initialized, skipping
Refreshing native plugins compatible for Editor in 4.26 ms, found 1 plugins.
Preloading 0 native plugins for Editor in 0.00 ms.
Unloading 1828 Unused Serialized files (Serialized files now loaded: 0)
System memory in use before: 86.4 MB.
System memory in use after: 86.4 MB.

Unloading 11 unused Assets to reduce memory usage. Loaded Objects now: 2329.
Total: 7.684100 ms (FindLiveObjects: 0.675100 ms CreateObjectMapping: 0.270100 ms MarkObjects: 6.458000 ms  DeleteObjects: 0.277100 ms)

========================================================================
Received Prepare
Registering precompiled user dll's ...
Registered in 0.002151 seconds.
Begin MonoManager ReloadAssembly
Native extension for WindowsStandalone target not found
Refreshing native plugins compatible for Editor in 0.64 ms, found 1 plugins.
Preloading 0 native plugins for Editor in 0.00 ms.
Invoked RoslynAnalysisRunner static constructor.
RoslynAnalysisRunner will not be running.
RoslynAnalysisRunner has terminated.
Mono: successfully reloaded assembly
- Completed reload, in  2.127 seconds
Platform modules already initialized, skipping
Refreshing native plugins compatible for Editor in 1.10 ms, found 1 plugins.
Preloading 0 native plugins for Editor in 0.00 ms.
Unloading 1828 Unused Serialized files (Serialized files now loaded: 0)
System memory in use before: 86.4 MB.
System memory in use after: 86.4 MB.

Unloading 11 unused Assets to reduce memory usage. Loaded Objects now: 2332.
Total: 4.553600 ms (FindLiveObjects: 0.348100 ms CreateObjectMapping: 0.183400 ms MarkObjects: 3.820500 ms  DeleteObjects: 0.198800 ms)

========================================================================
Received Prepare
Registering precompiled user dll's ...
Registered in 0.001869 seconds.
Begin MonoManager ReloadAssembly
Native extension for WindowsStandalone target not found
Refreshing native plugins compatible for Editor in 0.57 ms, found 1 plugins.
Preloading 0 native plugins for Editor in 0.00 ms.
Invoked RoslynAnalysisRunner static constructor.
RoslynAnalysisRunner will not be running.
RoslynAnalysisRunner has terminated.
Mono: successfully reloaded assembly
- Completed reload, in  1.816 seconds
Platform modules already initialized, skipping
Refreshing native plugins compatible for Editor in 0.74 ms, found 1 plugins.
Preloading 0 native plugins for Editor in 0.00 ms.
Unloading 1828 Unused Serialized files (Serialized files now loaded: 0)
System memory in use before: 86.4 MB.
System memory in use after: 86.4 MB.

Unloading 11 unused Assets to reduce memory usage. Loaded Objects now: 2335.
Total: 4.517300 ms (FindLiveObjects: 0.381600 ms CreateObjectMapping: 0.245500 ms MarkObjects: 3.690400 ms  DeleteObjects: 0.196500 ms)

========================================================================
Received Prepare
Registering precompiled user dll's ...
Registered in 0.001888 seconds.
Begin MonoManager ReloadAssembly
Native extension for WindowsStandalone target not found
Refreshing native plugins compatible for Editor in 0.89 ms, found 1 plugins.
Preloading 0 native plugins for Editor in 0.00 ms.
Invoked RoslynAnalysisRunner static constructor.
RoslynAnalysisRunner will not be running.
RoslynAnalysisRunner has terminated.
Mono: successfully reloaded assembly
- Completed reload, in  1.892 seconds
Platform modules already initialized, skipping
Refreshing native plugins compatible for Editor in 1.04 ms, found 1 plugins.
Preloading 0 native plugins for Editor in 0.00 ms.
Unloading 1828 Unused Serialized files (Serialized files now loaded: 0)
System memory in use before: 86.4 MB.
System memory in use after: 86.4 MB.

Unloading 11 unused Assets to reduce memory usage. Loaded Objects now: 2338.
Total: 5.991400 ms (FindLiveObjects: 0.624900 ms CreateObjectMapping: 0.295400 ms MarkObjects: 4.889300 ms  DeleteObjects: 0.178600 ms)

========================================================================
Received Prepare
Registering precompiled user dll's ...
Registered in 0.001817 seconds.
Begin MonoManager ReloadAssembly
Native extension for WindowsStandalone target not found
Refreshing native plugins compatible for Editor in 0.50 ms, found 1 plugins.
Preloading 0 native plugins for Editor in 0.00 ms.
Invoked RoslynAnalysisRunner static constructor.
RoslynAnalysisRunner will not be running.
RoslynAnalysisRunner has terminated.
Mono: successfully reloaded assembly
- Completed reload, in  1.614 seconds
Platform modules already initialized, skipping
Refreshing native plugins compatible for Editor in 0.65 ms, found 1 plugins.
Preloading 0 native plugins for Editor in 0.00 ms.
Unloading 1828 Unused Serialized files (Serialized files now loaded: 0)
System memory in use before: 86.4 MB.
System memory in use after: 86.4 MB.

Unloading 11 unused Assets to reduce memory usage. Loaded Objects now: 2341.
Total: 4.040500 ms (FindLiveObjects: 0.305500 ms CreateObjectMapping: 0.154800 ms MarkObjects: 3.387800 ms  DeleteObjects: 0.190500 ms)

========================================================================
Received Import Request.
  Time since last request: 1583.555068 seconds.
  path: Assets/Scripts/Escape.cs
  artifactKey: Guid(a25d18e1e31de22479093c5182f7b231) Importer(815301076,1909f56bfc062723c751e8b465ee728b)
Start importing Assets/Scripts/Escape.cs using Guid(a25d18e1e31de22479093c5182f7b231) Importer(815301076,1909f56bfc062723c751e8b465ee728b)  -> (artifact id: 'dd854f50143ea790dcc275edb6be896c') in 0.046887 seconds
  Import took 0.056605 seconds .

========================================================================
Received Import Request.
  Time since last request: 0.040065 seconds.
  path: Assets/Scripts/Escape.cs
  artifactKey: Guid(a25d18e1e31de22479093c5182f7b231) Importer(815301076,1909f56bfc062723c751e8b465ee728b)
Start importing Assets/Scripts/Escape.cs using Guid(a25d18e1e31de22479093c5182f7b231) Importer(815301076,1909f56bfc062723c751e8b465ee728b)  -> (artifact id: 'dd854f50143ea790dcc275edb6be896c') in 0.024155 seconds
  Import took 0.037027 seconds .

========================================================================
Received Prepare
Registering precompiled user dll's ...
Registered in 0.002157 seconds.
Begin MonoManager ReloadAssembly
Native extension for WindowsStandalone target not found
Refreshing native plugins compatible for Editor in 0.61 ms, found 1 plugins.
Preloading 0 native plugins for Editor in 0.00 ms.
Invoked RoslynAnalysisRunner static constructor.
RoslynAnalysisRunner will not be running.
RoslynAnalysisRunner has terminated.
Mono: successfully reloaded assembly
- Completed reload, in  1.834 seconds
Platform modules already initialized, skipping
Refreshing native plugins compatible for Editor in 0.60 ms, found 1 plugins.
Preloading 0 native plugins for Editor in 0.00 ms.
Unloading 1829 Unused Serialized files (Serialized files now loaded: 0)
System memory in use before: 86.5 MB.
System memory in use after: 86.5 MB.

Unloading 11 unused Assets to reduce memory usage. Loaded Objects now: 2345.
Total: 3.623000 ms (FindLiveObjects: 0.324700 ms CreateObjectMapping: 0.157300 ms MarkObjects: 2.981600 ms  DeleteObjects: 0.157500 ms)

========================================================================
Received Prepare
Registering precompiled user dll's ...
Registered in 0.002037 seconds.
Begin MonoManager ReloadAssembly
Native extension for WindowsStandalone target not found
Refreshing native plugins compatible for Editor in 0.75 ms, found 1 plugins.
Preloading 0 native plugins for Editor in 0.00 ms.
Invoked RoslynAnalysisRunner static constructor.
RoslynAnalysisRunner will not be running.
RoslynAnalysisRunner has terminated.
Mono: successfully reloaded assembly
- Completed reload, in  3.135 seconds
Platform modules already initialized, skipping
Refreshing native plugins compatible for Editor in 1.46 ms, found 1 plugins.
Preloading 0 native plugins for Editor in 0.00 ms.
Unloading 1829 Unused Serialized files (Serialized files now loaded: 0)
System memory in use before: 86.5 MB.
System memory in use after: 86.5 MB.

Unloading 11 unused Assets to reduce memory usage. Loaded Objects now: 2348.
Total: 6.816800 ms (FindLiveObjects: 0.597800 ms CreateObjectMapping: 0.332500 ms MarkObjects: 5.662100 ms  DeleteObjects: 0.220900 ms)

========================================================================
Received Import Request.
  Time since last request: 214.764743 seconds.
  path: Assets/Scripts/Escape.cs
  artifactKey: Guid(a25d18e1e31de22479093c5182f7b231) Importer(815301076,1909f56bfc062723c751e8b465ee728b)
Start importing Assets/Scripts/Escape.cs using Guid(a25d18e1e31de22479093c5182f7b231) Importer(815301076,1909f56bfc062723c751e8b465ee728b)  -> (artifact id: '7a68afd361b41398efb6b3199c292805') in 0.023712 seconds
  Import took 0.034010 seconds .

========================================================================
Received Prepare
Registering precompiled user dll's ...
Registered in 0.001769 seconds.
Begin MonoManager ReloadAssembly
Native extension for WindowsStandalone target not found
Refreshing native plugins compatible for Editor in 0.72 ms, found 1 plugins.
Preloading 0 native plugins for Editor in 0.00 ms.
Invoked RoslynAnalysisRunner static constructor.
RoslynAnalysisRunner will not be running.
RoslynAnalysisRunner has terminated.
Mono: successfully reloaded assembly
- Completed reload, in  1.905 seconds
Platform modules already initialized, skipping
Refreshing native plugins compatible for Editor in 0.62 ms, found 1 plugins.
Preloading 0 native plugins for Editor in 0.00 ms.
Unloading 1829 Unused Serialized files (Serialized files now loaded: 0)
System memory in use before: 86.5 MB.
System memory in use after: 86.5 MB.

Unloading 11 unused Assets to reduce memory usage. Loaded Objects now: 2351.
Total: 7.453400 ms (FindLiveObjects: 0.477100 ms CreateObjectMapping: 0.387100 ms MarkObjects: 6.408300 ms  DeleteObjects: 0.177500 ms)

========================================================================
Received Import Request.
  Time since last request: 96.469058 seconds.
  path: Assets/Scripts/Escape.cs
  artifactKey: Guid(a25d18e1e31de22479093c5182f7b231) Importer(815301076,1909f56bfc062723c751e8b465ee728b)
Start importing Assets/Scripts/Escape.cs using Guid(a25d18e1e31de22479093c5182f7b231) Importer(815301076,1909f56bfc062723c751e8b465ee728b)  -> (artifact id: '7a852d67893da214223ef7a2d40e237e') in 0.020477 seconds
  Import took 0.029186 seconds .

========================================================================
Received Prepare
Registering precompiled user dll's ...
Registered in 0.001902 seconds.
Begin MonoManager ReloadAssembly
Native extension for WindowsStandalone target not found
Refreshing native plugins compatible for Editor in 1.67 ms, found 1 plugins.
Preloading 0 native plugins for Editor in 0.00 ms.
Invoked RoslynAnalysisRunner static constructor.
RoslynAnalysisRunner will not be running.
RoslynAnalysisRunner has terminated.
Mono: successfully reloaded assembly
- Completed reload, in  1.874 seconds
Platform modules already initialized, skipping
Refreshing native plugins compatible for Editor in 0.83 ms, found 1 plugins.
Preloading 0 native plugins for Editor in 0.01 ms.
Unloading 1829 Unused Serialized files (Serialized files now loaded: 0)
System memory in use before: 86.5 MB.
System memory in use after: 86.5 MB.

Unloading 11 unused Assets to reduce memory usage. Loaded Objects now: 2354.
Total: 9.730700 ms (FindLiveObjects: 0.827800 ms CreateObjectMapping: 0.488100 ms MarkObjects: 8.042900 ms  DeleteObjects: 0.366100 ms)

========================================================================
Received Prepare
Registering precompiled user dll's ...
Registered in 0.003594 seconds.
Begin MonoManager ReloadAssembly
Native extension for WindowsStandalone target not found
Refreshing native plugins compatible for Editor in 0.75 ms, found 1 plugins.
Preloading 0 native plugins for Editor in 0.00 ms.
Invoked RoslynAnalysisRunner static constructor.
RoslynAnalysisRunner will not be running.
RoslynAnalysisRunner has terminated.
Mono: successfully reloaded assembly
- Completed reload, in  3.448 seconds
Platform modules already initialized, skipping
Refreshing native plugins compatible for Editor in 1.05 ms, found 1 plugins.
Preloading 0 native plugins for Editor in 0.00 ms.
Unloading 1829 Unused Serialized files (Serialized files now loaded: 0)
System memory in use before: 86.5 MB.
System memory in use after: 86.5 MB.

Unloading 11 unused Assets to reduce memory usage. Loaded Objects now: 2357.
Total: 4.158600 ms (FindLiveObjects: 0.311000 ms CreateObjectMapping: 0.156400 ms MarkObjects: 3.497900 ms  DeleteObjects: 0.191200 ms)

========================================================================
Received Prepare
Registering precompiled user dll's ...
Registered in 0.002019 seconds.
Begin MonoManager ReloadAssembly
Native extension for WindowsStandalone target not found
Refreshing native plugins compatible for Editor in 0.66 ms, found 1 plugins.
Preloading 0 native plugins for Editor in 0.00 ms.
Invoked RoslynAnalysisRunner static constructor.
RoslynAnalysisRunner will not be running.
RoslynAnalysisRunner has terminated.
Mono: successfully reloaded assembly
- Completed reload, in  2.166 seconds
Platform modules already initialized, skipping
Refreshing native plugins compatible for Editor in 1.47 ms, found 1 plugins.
Preloading 0 native plugins for Editor in 0.00 ms.
Unloading 1829 Unused Serialized files (Serialized files now loaded: 0)
System memory in use before: 86.5 MB.
System memory in use after: 86.5 MB.

Unloading 11 unused Assets to reduce memory usage. Loaded Objects now: 2360.
Total: 5.114700 ms (FindLiveObjects: 0.430600 ms CreateObjectMapping: 0.315700 ms MarkObjects: 4.081600 ms  DeleteObjects: 0.283000 ms)

========================================================================
Received Prepare
Registering precompiled user dll's ...
Registered in 0.002318 seconds.
Begin MonoManager ReloadAssembly
Native extension for WindowsStandalone target not found
Refreshing native plugins compatible for Editor in 0.77 ms, found 1 plugins.
Preloading 0 native plugins for Editor in 0.00 ms.
Invoked RoslynAnalysisRunner static constructor.
RoslynAnalysisRunner will not be running.
RoslynAnalysisRunner has terminated.
Mono: successfully reloaded assembly
- Completed reload, in  1.992 seconds
Platform modules already initialized, skipping
Refreshing native plugins compatible for Editor in 1.16 ms, found 1 plugins.
Preloading 0 native plugins for Editor in 0.00 ms.
Unloading 1829 Unused Serialized files (Serialized files now loaded: 0)
System memory in use before: 86.5 MB.
System memory in use after: 86.5 MB.

Unloading 11 unused Assets to reduce memory usage. Loaded Objects now: 2363.
Total: 4.212000 ms (FindLiveObjects: 0.306700 ms CreateObjectMapping: 0.151900 ms MarkObjects: 3.498400 ms  DeleteObjects: 0.252600 ms)

========================================================================
Received Import Request.
  Time since last request: 164.653465 seconds.
  path: Assets/Scenes/Level1.unity
  artifactKey: Guid(7f56fac58e237bd4d948200e72b82877) Importer(815301076,1909f56bfc062723c751e8b465ee728b)
Start importing Assets/Scenes/Level1.unity using Guid(7f56fac58e237bd4d948200e72b82877) Importer(815301076,1909f56bfc062723c751e8b465ee728b)  -> (artifact id: '3e97678302d5cb2f509a4976e370d51d') in 0.031685 seconds
  Import took 0.039149 seconds .

========================================================================
Received Import Request.
  Time since last request: 11.281624 seconds.
  path: Assets/Scenes/Menu.unity
  artifactKey: Guid(2cda990e2423bbf4892e6590ba056729) Importer(815301076,1909f56bfc062723c751e8b465ee728b)
Start importing Assets/Scenes/Menu.unity using Guid(2cda990e2423bbf4892e6590ba056729) Importer(815301076,1909f56bfc062723c751e8b465ee728b)  -> (artifact id: 'd90e85d05ad6878d792e42bf99a5dac8') in 0.024227 seconds
  Import took 0.033862 seconds .

========================================================================
Received Prepare
Registering precompiled user dll's ...
Registered in 0.001670 seconds.
Begin MonoManager ReloadAssembly
Native extension for WindowsStandalone target not found
Refreshing native plugins compatible for Editor in 1.50 ms, found 1 plugins.
Preloading 0 native plugins for Editor in 0.00 ms.
Invoked RoslynAnalysisRunner static constructor.
RoslynAnalysisRunner will not be running.
RoslynAnalysisRunner has terminated.
Mono: successfully reloaded assembly
- Completed reload, in  2.306 seconds
Platform modules already initialized, skipping
Refreshing native plugins compatible for Editor in 1.54 ms, found 1 plugins.
Preloading 0 native plugins for Editor in 0.00 ms.
Unloading 1829 Unused Serialized files (Serialized files now loaded: 0)
System memory in use before: 86.5 MB.
System memory in use after: 86.5 MB.

Unloading 11 unused Assets to reduce memory usage. Loaded Objects now: 2366.
Total: 11.014000 ms (FindLiveObjects: 2.912100 ms CreateObjectMapping: 0.595500 ms MarkObjects: 7.180500 ms  DeleteObjects: 0.313000 ms)

========================================================================
Received Prepare
Registering precompiled user dll's ...
Registered in 0.002489 seconds.
Begin MonoManager ReloadAssembly
Native extension for WindowsStandalone target not found
Refreshing native plugins compatible for Editor in 0.54 ms, found 1 plugins.
Preloading 0 native plugins for Editor in 0.00 ms.
Invoked RoslynAnalysisRunner static constructor.
RoslynAnalysisRunner will not be running.
RoslynAnalysisRunner has terminated.
Mono: successfully reloaded assembly
- Completed reload, in  2.033 seconds
Platform modules already initialized, skipping
Refreshing native plugins compatible for Editor in 0.57 ms, found 1 plugins.
Preloading 0 native plugins for Editor in 0.00 ms.
Unloading 1829 Unused Serialized files (Serialized files now loaded: 0)
System memory in use before: 86.5 MB.
System memory in use after: 86.6 MB.

Unloading 11 unused Assets to reduce memory usage. Loaded Objects now: 2369.
Total: 3.514700 ms (FindLiveObjects: 0.328600 ms CreateObjectMapping: 0.156800 ms MarkObjects: 2.870500 ms  DeleteObjects: 0.156800 ms)

========================================================================
Received Prepare
Registering precompiled user dll's ...
Registered in 0.002814 seconds.
Begin MonoManager ReloadAssembly
Native extension for WindowsStandalone target not found
Refreshing native plugins compatible for Editor in 0.72 ms, found 1 plugins.
Preloading 0 native plugins for Editor in 0.00 ms.
Invoked RoslynAnalysisRunner static constructor.
RoslynAnalysisRunner will not be running.
RoslynAnalysisRunner has terminated.
Mono: successfully reloaded assembly
- Completed reload, in  4.348 seconds
Platform modules already initialized, skipping
Refreshing native plugins compatible for Editor in 1.57 ms, found 1 plugins.
Preloading 0 native plugins for Editor in 0.00 ms.
Unloading 1829 Unused Serialized files (Serialized files now loaded: 0)
System memory in use before: 86.5 MB.
System memory in use after: 86.6 MB.

Unloading 11 unused Assets to reduce memory usage. Loaded Objects now: 2372.
Total: 3.889500 ms (FindLiveObjects: 0.325100 ms CreateObjectMapping: 0.152300 ms MarkObjects: 3.233900 ms  DeleteObjects: 0.175800 ms)

========================================================================
Received Prepare
Registering precompiled user dll's ...
Registered in 0.003283 seconds.
Begin MonoManager ReloadAssembly
Native extension for WindowsStandalone target not found
Refreshing native plugins compatible for Editor in 0.67 ms, found 1 plugins.
Preloading 0 native plugins for Editor in 0.00 ms.
Invoked RoslynAnalysisRunner static constructor.
RoslynAnalysisRunner will not be running.
RoslynAnalysisRunner has terminated.
Mono: successfully reloaded assembly
- Completed reload, in  2.635 seconds
Platform modules already initialized, skipping
Refreshing native plugins compatible for Editor in 1.32 ms, found 1 plugins.
Preloading 0 native plugins for Editor in 0.00 ms.
Unloading 1829 Unused Serialized files (Serialized files now loaded: 0)
System memory in use before: 86.6 MB.
System memory in use after: 86.6 MB.

Unloading 11 unused Assets to reduce memory usage. Loaded Objects now: 2375.
Total: 8.145400 ms (FindLiveObjects: 1.435800 ms CreateObjectMapping: 1.177000 ms MarkObjects: 5.285700 ms  DeleteObjects: 0.243100 ms)

========================================================================
Received Import Request.
  Time since last request: 501.769817 seconds.
  path: Assets/Scenes/Level1.unity
  artifactKey: Guid(7f56fac58e237bd4d948200e72b82877) Importer(815301076,1909f56bfc062723c751e8b465ee728b)
Start importing Assets/Scenes/Level1.unity using Guid(7f56fac58e237bd4d948200e72b82877) Importer(815301076,1909f56bfc062723c751e8b465ee728b)  -> (artifact id: 'afdd5f09873af3c2031668d541d996a7') in 0.033777 seconds
  Import took 0.043943 seconds .

========================================================================
Received Import Request.
  Time since last request: 0.001228 seconds.
  path: Assets/Scenes/Level1.unity
  artifactKey: Guid(7f56fac58e237bd4d948200e72b82877) Importer(815301076,1909f56bfc062723c751e8b465ee728b)
Start importing Assets/Scenes/Level1.unity using Guid(7f56fac58e237bd4d948200e72b82877) Importer(815301076,1909f56bfc062723c751e8b465ee728b)  -> (artifact id: 'afdd5f09873af3c2031668d541d996a7') in 0.010183 seconds
  Import took 0.021870 seconds .

========================================================================
Received Import Request.
  Time since last request: 486.640464 seconds.
  path: Assets/Assests/tiles
  artifactKey: Guid(8bb6b2e8ec2fa564da98ca7e666d7c39) Importer(815301076,1909f56bfc062723c751e8b465ee728b)
Start importing Assets/Assests/tiles using Guid(8bb6b2e8ec2fa564da98ca7e666d7c39) Importer(815301076,1909f56bfc062723c751e8b465ee728b)  -> (artifact id: '9f1a211ebd494c80e2a73204749d6945') in 0.024239 seconds
  Import took 0.032402 seconds .

========================================================================
Received Import Request.
  Time since last request: 72.396015 seconds.
  path: Assets/Assests/tiles/A2_Ground.png
  artifactKey: Guid(0ebea86f6fe094e4a8c95b687f1fa2f3) Importer(815301076,1909f56bfc062723c751e8b465ee728b)
Start importing Assets/Assests/tiles/A2_Ground.png using Guid(0ebea86f6fe094e4a8c95b687f1fa2f3) Importer(815301076,1909f56bfc062723c751e8b465ee728b)  -> (artifact id: '1aa617659c1b0cc12559558858c31fd7') in 0.184371 seconds
  Import took 0.193996 seconds .

========================================================================
Received Import Request.
  Time since last request: 14.945566 seconds.
  path: Assets/Assests/tiles/A2_Ground.png
  artifactKey: Guid(0ebea86f6fe094e4a8c95b687f1fa2f3) Importer(815301076,1909f56bfc062723c751e8b465ee728b)
Start importing Assets/Assests/tiles/A2_Ground.png using Guid(0ebea86f6fe094e4a8c95b687f1fa2f3) Importer(815301076,1909f56bfc062723c751e8b465ee728b)  -> (artifact id: 'c3e39a02184c2e605bb18a031c9174ac') in 0.047306 seconds
  Import took 0.054642 seconds .

========================================================================
Received Import Request.
  Time since last request: 0.005831 seconds.
  path: Assets/Assests/tiles/A2_Ground.png
  artifactKey: Guid(0ebea86f6fe094e4a8c95b687f1fa2f3) Importer(815301076,1909f56bfc062723c751e8b465ee728b)
Start importing Assets/Assests/tiles/A2_Ground.png using Guid(0ebea86f6fe094e4a8c95b687f1fa2f3) Importer(815301076,1909f56bfc062723c751e8b465ee728b)  -> (artifact id: 'c3e39a02184c2e605bb18a031c9174ac') in 0.022792 seconds
  Import took 0.030427 seconds .

========================================================================
Received Import Request.
  Time since last request: 19.385989 seconds.
  path: Assets/Assests/tiles/A2_Ground.png
  artifactKey: Guid(0ebea86f6fe094e4a8c95b687f1fa2f3) Importer(815301076,1909f56bfc062723c751e8b465ee728b)
Start importing Assets/Assests/tiles/A2_Ground.png using Guid(0ebea86f6fe094e4a8c95b687f1fa2f3) Importer(815301076,1909f56bfc062723c751e8b465ee728b)  -> (artifact id: '38d50f5c765f9b728e952fe95adfc0d7') in 0.785093 seconds
  Import took 0.795034 seconds .

========================================================================
Received Import Request.
  Time since last request: 28.014985 seconds.
  path: Assets/Assests/tiles/tiles.prefab
  artifactKey: Guid(c834347323a474647bf8f1d24b870ac6) Importer(815301076,1909f56bfc062723c751e8b465ee728b)
Start importing Assets/Assests/tiles/tiles.prefab using Guid(c834347323a474647bf8f1d24b870ac6) Importer(815301076,1909f56bfc062723c751e8b465ee728b)  -> (artifact id: '68545f08de0bfdd87336b4f657b4e627') in 0.045770 seconds
  Import took 0.055203 seconds .

========================================================================
Received Import Request.
  Time since last request: 19.616341 seconds.
  path: Assets/Assests/tiles/A2_Ground_0.asset
  artifactKey: Guid(4f45b6a3de40742498ea1950cd9ccc75) Importer(815301076,1909f56bfc062723c751e8b465ee728b)
Start importing Assets/Assests/tiles/A2_Ground_0.asset using Guid(4f45b6a3de40742498ea1950cd9ccc75) Importer(815301076,1909f56bfc062723c751e8b465ee728b)  -> (artifact id: '5efa266b1dfba299c3a759759a347836') in 0.092898 seconds
  Import took 0.100955 seconds .

========================================================================
Received Import Request.
  Time since last request: 0.000471 seconds.
  path: Assets/Assests/tiles/A2_Ground_17.asset
  artifactKey: Guid(c561b332795f000419cf418ebbf5543e) Importer(815301076,1909f56bfc062723c751e8b465ee728b)
Start importing Assets/Assests/tiles/A2_Ground_17.asset using Guid(c561b332795f000419cf418ebbf5543e) Importer(815301076,1909f56bfc062723c751e8b465ee728b)  -> (artifact id: '788e1f1ff38f09d2f3ee872afe3f0adf') in 0.114560 seconds
  Import took 0.125462 seconds .

========================================================================
Received Import Request.
  Time since last request: 0.000588 seconds.
  path: Assets/Assests/tiles/A2_Ground_30.asset
  artifactKey: Guid(e1c56221f2da6d345b61b2c825193d45) Importer(815301076,1909f56bfc062723c751e8b465ee728b)
Start importing Assets/Assests/tiles/A2_Ground_30.asset using Guid(e1c56221f2da6d345b61b2c825193d45) Importer(815301076,1909f56bfc062723c751e8b465ee728b)  -> (artifact id: '09d8fb14f9e8aa5cdc982611b94cc00d') in 0.037145 seconds
  Import took 0.049157 seconds .

========================================================================
Received Import Request.
  Time since last request: 0.000454 seconds.
  path: Assets/Assests/tiles/A2_Ground_4.asset
  artifactKey: Guid(fb22ecf58009ef043a99d6fc239f5cff) Importer(815301076,1909f56bfc062723c751e8b465ee728b)
Start importing Assets/Assests/tiles/A2_Ground_4.asset using Guid(fb22ecf58009ef043a99d6fc239f5cff) Importer(815301076,1909f56bfc062723c751e8b465ee728b)  -> (artifact id: '1f7ef85fb16db4872b2f7d7dc7babe33') in 0.052290 seconds
  Import took 0.059928 seconds .

========================================================================
Received Import Request.
  Time since last request: 0.000350 seconds.
  path: Assets/Assests/tiles/A2_Ground_9.asset
  artifactKey: Guid(89a2125bf84be30459dc5b0d39d2aa87) Importer(815301076,1909f56bfc062723c751e8b465ee728b)
Start importing Assets/Assests/tiles/A2_Ground_9.asset using Guid(89a2125bf84be30459dc5b0d39d2aa87) Importer(815301076,1909f56bfc062723c751e8b465ee728b)  -> (artifact id: '5218b95293835f4534f015204cf8705b') in 0.027768 seconds
  Import took 0.036054 seconds .

========================================================================
Received Import Request.
  Time since last request: 0.000467 seconds.
  path: Assets/Assests/tiles/A2_Ground_28.asset
  artifactKey: Guid(326239611cd6053498dbbabd426f2133) Importer(815301076,1909f56bfc062723c751e8b465ee728b)
Start importing Assets/Assests/tiles/A2_Ground_28.asset using Guid(326239611cd6053498dbbabd426f2133) Importer(815301076,1909f56bfc062723c751e8b465ee728b)  -> (artifact id: 'ca1a8771de42eb5077bbfb0a36b15c54') in 0.139296 seconds
  Import took 0.151975 seconds .

========================================================================
Received Import Request.
  Time since last request: 0.000590 seconds.
  path: Assets/Assests/tiles/A2_Ground_24.asset
  artifactKey: Guid(0df936ed5540c6d4e8720af2d0fbd123) Importer(815301076,1909f56bfc062723c751e8b465ee728b)
Start importing Assets/Assests/tiles/A2_Ground_24.asset using Guid(0df936ed5540c6d4e8720af2d0fbd123) Importer(815301076,1909f56bfc062723c751e8b465ee728b)  -> (artifact id: '1536d5224e4e7f2e6534db48bf77e9e9') in 0.042076 seconds
  Import took 0.054730 seconds .

========================================================================
Received Import Request.
  Time since last request: 0.000534 seconds.
  path: Assets/Assests/tiles/A2_Ground_16.asset
  artifactKey: Guid(bfe80d69e300f6849bb87673acc4c8d7) Importer(815301076,1909f56bfc062723c751e8b465ee728b)
Start importing Assets/Assests/tiles/A2_Ground_16.asset using Guid(bfe80d69e300f6849bb87673acc4c8d7) Importer(815301076,1909f56bfc062723c751e8b465ee728b)  -> (artifact id: '351dce35cea23e473e8d37d9732db687') in 0.037186 seconds
  Import took 0.047626 seconds .

========================================================================
Received Import Request.
  Time since last request: 0.000381 seconds.
  path: Assets/Assests/tiles/A2_Ground_23.asset
  artifactKey: Guid(d3c10caf310070648859b923d42b0ffa) Importer(815301076,1909f56bfc062723c751e8b465ee728b)
Start importing Assets/Assests/tiles/A2_Ground_23.asset using Guid(d3c10caf310070648859b923d42b0ffa) Importer(815301076,1909f56bfc062723c751e8b465ee728b)  -> (artifact id: 'd03ae1b4316b683b4459d410d5b40d15') in 0.029023 seconds
  Import took 0.036075 seconds .

========================================================================
Received Import Request.
  Time since last request: 0.000334 seconds.
  path: Assets/Assests/tiles/A2_Ground_21.asset
  artifactKey: Guid(e23c7a9b2184e214fbc9ee59d61daba3) Importer(815301076,1909f56bfc062723c751e8b465ee728b)
Start importing Assets/Assests/tiles/A2_Ground_21.asset using Guid(e23c7a9b2184e214fbc9ee59d61daba3) Importer(815301076,1909f56bfc062723c751e8b465ee728b)  -> (artifact id: '674c1d1da112fe6af7ebb213eaa045de') in 0.039863 seconds
  Import took 0.050446 seconds .

========================================================================
Received Import Request.
  Time since last request: 0.000155 seconds.
  path: Assets/Assests/tiles/A2_Ground_3.asset
  artifactKey: Guid(df8cffe185175684ea0e4d533b9af63f) Importer(815301076,1909f56bfc062723c751e8b465ee728b)
Start importing Assets/Assests/tiles/A2_Ground_3.asset using Guid(df8cffe185175684ea0e4d533b9af63f) Importer(815301076,1909f56bfc062723c751e8b465ee728b)  -> (artifact id: '61fc5b6d474d859c4a35743e80313514') in 0.102117 seconds
  Import took 0.111310 seconds .

========================================================================
Received Import Request.
  Time since last request: 0.000696 seconds.
  path: Assets/Assests/tiles/A2_Ground_2.asset
  artifactKey: Guid(69710aebc421aaa43b2bffaf5d81d7fd) Importer(815301076,1909f56bfc062723c751e8b465ee728b)
Start importing Assets/Assests/tiles/A2_Ground_2.asset using Guid(69710aebc421aaa43b2bffaf5d81d7fd) Importer(815301076,1909f56bfc062723c751e8b465ee728b)  -> (artifact id: 'b9613680b5ffb0bb78a3cdf5d7a94e4d') in 0.051450 seconds
  Import took 0.062924 seconds .

========================================================================
Received Import Request.
  Time since last request: 0.000412 seconds.
  path: Assets/Assests/tiles/A2_Ground_31.asset
  artifactKey: Guid(30572bccfaf43914896213682cf6c5a5) Importer(815301076,1909f56bfc062723c751e8b465ee728b)
Start importing Assets/Assests/tiles/A2_Ground_31.asset using Guid(30572bccfaf43914896213682cf6c5a5) Importer(815301076,1909f56bfc062723c751e8b465ee728b)  -> (artifact id: '20398acc3fe863188a73f7727c512332') in 0.035974 seconds
  Import took 0.044106 seconds .

========================================================================
Received Import Request.
  Time since last request: 0.000556 seconds.
  path: Assets/Assests/tiles/A2_Ground_19.asset
  artifactKey: Guid(8b3d2bb844270da42bd16d0e196e4ceb) Importer(815301076,1909f56bfc062723c751e8b465ee728b)
Start importing Assets/Assests/tiles/A2_Ground_19.asset using Guid(8b3d2bb844270da42bd16d0e196e4ceb) Importer(815301076,1909f56bfc062723c751e8b465ee728b)  -> (artifact id: 'fda5f5b9a411acd804b06fd77b077fa4') in 0.051209 seconds
  Import took 0.057663 seconds .

========================================================================
Received Import Request.
  Time since last request: 0.000502 seconds.
  path: Assets/Assests/tiles/A2_Ground_8.asset
  artifactKey: Guid(7dd12d117c111e843bde787b3b9998de) Importer(815301076,1909f56bfc062723c751e8b465ee728b)
Start importing Assets/Assests/tiles/A2_Ground_8.asset using Guid(7dd12d117c111e843bde787b3b9998de) Importer(815301076,1909f56bfc062723c751e8b465ee728b)  -> (artifact id: '9a3728144c249ab04079c3088a77b520') in 0.051695 seconds
  Import took 0.062590 seconds .

========================================================================
Received Import Request.
  Time since last request: 0.000606 seconds.
  path: Assets/Assests/tiles/A2_Ground_11.asset
  artifactKey: Guid(a48c6612c74e2be4b8900c90d329016c) Importer(815301076,1909f56bfc062723c751e8b465ee728b)
Start importing Assets/Assests/tiles/A2_Ground_11.asset using Guid(a48c6612c74e2be4b8900c90d329016c) Importer(815301076,1909f56bfc062723c751e8b465ee728b)  -> (artifact id: '9500d2d1d82c17f3018d2b9e60954055') in 0.056789 seconds
  Import took 0.067639 seconds .

========================================================================
Received Import Request.
  Time since last request: 0.000459 seconds.
  path: Assets/Assests/tiles/A2_Ground_14.asset
  artifactKey: Guid(74e2580b2f6a9ad49af2bfd527e19aeb) Importer(815301076,1909f56bfc062723c751e8b465ee728b)
Start importing Assets/Assests/tiles/A2_Ground_14.asset using Guid(74e2580b2f6a9ad49af2bfd527e19aeb) Importer(815301076,1909f56bfc062723c751e8b465ee728b)  -> (artifact id: '698e5396888e8c4c26db9230995840a8') in 0.078098 seconds
  Import took 0.094252 seconds .

========================================================================
Received Import Request.
  Time since last request: 0.001072 seconds.
  path: Assets/Assests/tiles/A2_Ground_13.asset
  artifactKey: Guid(1fe4536376fd47b40a1f7dca390a3ddc) Importer(815301076,1909f56bfc062723c751e8b465ee728b)
Start importing Assets/Assests/tiles/A2_Ground_13.asset using Guid(1fe4536376fd47b40a1f7dca390a3ddc) Importer(815301076,1909f56bfc062723c751e8b465ee728b)  -> (artifact id: 'ee464c99c0729c35d16c00baf77852db') in 0.047096 seconds
  Import took 0.061900 seconds .

========================================================================
Received Import Request.
  Time since last request: 0.000586 seconds.
  path: Assets/Assests/tiles/A2_Ground_25.asset
  artifactKey: Guid(ec2850c50fdd523458c303c9843ee99c) Importer(815301076,1909f56bfc062723c751e8b465ee728b)
Start importing Assets/Assests/tiles/A2_Ground_25.asset using Guid(ec2850c50fdd523458c303c9843ee99c) Importer(815301076,1909f56bfc062723c751e8b465ee728b)  -> (artifact id: '488e9cb85fc861c19de704a78cb7a36f') in 0.034092 seconds
  Import took 0.042963 seconds .

========================================================================
Received Import Request.
  Time since last request: 0.000515 seconds.
  path: Assets/Assests/tiles/A2_Ground_29.asset
  artifactKey: Guid(411d0b73ef89ad34dad1b8ba77101025) Importer(815301076,1909f56bfc062723c751e8b465ee728b)
Start importing Assets/Assests/tiles/A2_Ground_29.asset using Guid(411d0b73ef89ad34dad1b8ba77101025) Importer(815301076,1909f56bfc062723c751e8b465ee728b)  -> (artifact id: '258dad7fee3865cfc15bfee0138f7bc9') in 0.039231 seconds
  Import took 0.050167 seconds .

========================================================================
Received Import Request.
  Time since last request: 0.000511 seconds.
  path: Assets/Assests/tiles/A2_Ground_27.asset
  artifactKey: Guid(957178407368c69488a1ec82661f6b9b) Importer(815301076,1909f56bfc062723c751e8b465ee728b)
Start importing Assets/Assests/tiles/A2_Ground_27.asset using Guid(957178407368c69488a1ec82661f6b9b) Importer(815301076,1909f56bfc062723c751e8b465ee728b)  -> (artifact id: '2e56f38ddb1c451a3e2447404b48e537') in 0.032462 seconds
  Import took 0.041700 seconds .

========================================================================
Received Import Request.
  Time since last request: 0.000477 seconds.
  path: Assets/Assests/tiles/A2_Ground_7.asset
  artifactKey: Guid(14f57d4ad289a72479142c34a8043951) Importer(815301076,1909f56bfc062723c751e8b465ee728b)
Start importing Assets/Assests/tiles/A2_Ground_7.asset using Guid(14f57d4ad289a72479142c34a8043951) Importer(815301076,1909f56bfc062723c751e8b465ee728b)  -> (artifact id: 'a9d39055a8b8cb30380417964712ef0e') in 0.039575 seconds
  Import took 0.050822 seconds .

========================================================================
Received Import Request.
  Time since last request: 0.000499 seconds.
  path: Assets/Assests/tiles/A2_Ground_10.asset
  artifactKey: Guid(a0a95385c8b5370499a52c9bc85558f4) Importer(815301076,1909f56bfc062723c751e8b465ee728b)
Start importing Assets/Assests/tiles/A2_Ground_10.asset using Guid(a0a95385c8b5370499a52c9bc85558f4) Importer(815301076,1909f56bfc062723c751e8b465ee728b)  -> (artifact id: 'edadd264a9ebdfe85bcaca38edc6f6a8') in 0.030985 seconds
  Import took 0.037773 seconds .

========================================================================
Received Import Request.
  Time since last request: 0.000465 seconds.
  path: Assets/Assests/tiles/A2_Ground_6.asset
  artifactKey: Guid(95fbc2b1481ce724ab7717606ae93e44) Importer(815301076,1909f56bfc062723c751e8b465ee728b)
Start importing Assets/Assests/tiles/A2_Ground_6.asset using Guid(95fbc2b1481ce724ab7717606ae93e44) Importer(815301076,1909f56bfc062723c751e8b465ee728b)  -> (artifact id: 'ee9bb1682153e5c7d2ddcb7609f7b212') in 0.033902 seconds
  Import took 0.043389 seconds .

========================================================================
Received Import Request.
  Time since last request: 0.000563 seconds.
  path: Assets/Assests/tiles/A2_Ground_12.asset
  artifactKey: Guid(436c4d54f69a3094c8d031e9a7ae7420) Importer(815301076,1909f56bfc062723c751e8b465ee728b)
Start importing Assets/Assests/tiles/A2_Ground_12.asset using Guid(436c4d54f69a3094c8d031e9a7ae7420) Importer(815301076,1909f56bfc062723c751e8b465ee728b)  -> (artifact id: '5100feca9cf2e3307206f69f81f0347c') in 0.030392 seconds
  Import took 0.040275 seconds .

========================================================================
Received Import Request.
  Time since last request: 0.000387 seconds.
  path: Assets/Assests/tiles/A2_Ground_22.asset
  artifactKey: Guid(05fb448ca7396bc43bbe53ed0b895c7f) Importer(815301076,1909f56bfc062723c751e8b465ee728b)
Start importing Assets/Assests/tiles/A2_Ground_22.asset using Guid(05fb448ca7396bc43bbe53ed0b895c7f) Importer(815301076,1909f56bfc062723c751e8b465ee728b)  -> (artifact id: 'a71c7870e7de764f4a796ca461fe4b0b') in 0.029721 seconds
  Import took 0.041096 seconds .

========================================================================
Received Import Request.
  Time since last request: 0.000449 seconds.
  path: Assets/Assests/tiles/A2_Ground_1.asset
  artifactKey: Guid(858b9adc499cc98458d16713ab0ab0ea) Importer(815301076,1909f56bfc062723c751e8b465ee728b)
Start importing Assets/Assests/tiles/A2_Ground_1.asset using Guid(858b9adc499cc98458d16713ab0ab0ea) Importer(815301076,1909f56bfc062723c751e8b465ee728b)  -> (artifact id: '5dcf348e60b09ff3199d26f0c27c2f3a') in 0.048452 seconds
  Import took 0.058394 seconds .

========================================================================
Received Import Request.
  Time since last request: 0.000699 seconds.
  path: Assets/Assests/tiles/A2_Ground_5.asset
  artifactKey: Guid(e2ad146e5b04dd94db4b35e248ac5204) Importer(815301076,1909f56bfc062723c751e8b465ee728b)
Start importing Assets/Assests/tiles/A2_Ground_5.asset using Guid(e2ad146e5b04dd94db4b35e248ac5204) Importer(815301076,1909f56bfc062723c751e8b465ee728b)  -> (artifact id: 'be42571dd9e63af866c7141347ba03e8') in 0.092241 seconds
  Import took 0.111896 seconds .

========================================================================
Received Import Request.
  Time since last request: 0.000210 seconds.
  path: Assets/Assests/tiles/A2_Ground_20.asset
  artifactKey: Guid(5d2a898dd0b4f594b853ff72c5237b2f) Importer(815301076,1909f56bfc062723c751e8b465ee728b)
Start importing Assets/Assests/tiles/A2_Ground_20.asset using Guid(5d2a898dd0b4f594b853ff72c5237b2f) Importer(815301076,1909f56bfc062723c751e8b465ee728b)  -> (artifact id: '9d18b038963e876a505cb622c945ecc0') in 0.034021 seconds
  Import took 0.045093 seconds .

========================================================================
Received Import Request.
  Time since last request: 0.000494 seconds.
  path: Assets/Assests/tiles/A2_Ground_18.asset
  artifactKey: Guid(b37abd32f9aea6e47af677f48f48672a) Importer(815301076,1909f56bfc062723c751e8b465ee728b)
Start importing Assets/Assests/tiles/A2_Ground_18.asset using Guid(b37abd32f9aea6e47af677f48f48672a) Importer(815301076,1909f56bfc062723c751e8b465ee728b)  -> (artifact id: 'bd1da35d3e022ac08327718ced6ee00a') in 0.041400 seconds
  Import took 0.051881 seconds .

========================================================================
Received Import Request.
  Time since last request: 0.000390 seconds.
  path: Assets/Assests/tiles/A2_Ground_26.asset
  artifactKey: Guid(e18a86a43c9acb1428e36dab2c27b7d9) Importer(815301076,1909f56bfc062723c751e8b465ee728b)
Start importing Assets/Assests/tiles/A2_Ground_26.asset using Guid(e18a86a43c9acb1428e36dab2c27b7d9) Importer(815301076,1909f56bfc062723c751e8b465ee728b)  -> (artifact id: '871c7a08bf508e5c360a25c10dd0bbcc') in 0.058526 seconds
  Import took 0.068632 seconds .

========================================================================
Received Import Request.
  Time since last request: 0.000500 seconds.
  path: Assets/Assests/tiles/A2_Ground_15.asset
  artifactKey: Guid(ade2e40aa415c4d418e159fc33073635) Importer(815301076,1909f56bfc062723c751e8b465ee728b)
Start importing Assets/Assests/tiles/A2_Ground_15.asset using Guid(ade2e40aa415c4d418e159fc33073635) Importer(815301076,1909f56bfc062723c751e8b465ee728b)  -> (artifact id: 'a1ef9c341271b90829ec35d1407f1b33') in 0.073275 seconds
  Import took 0.083485 seconds .

========================================================================
Received Import Request.
  Time since last request: 80.495277 seconds.
  path: Assets/Assests/tiles/A2_Ground.png
  artifactKey: Guid(0ebea86f6fe094e4a8c95b687f1fa2f3) Importer(815301076,1909f56bfc062723c751e8b465ee728b)
Start importing Assets/Assests/tiles/A2_Ground.png using Guid(0ebea86f6fe094e4a8c95b687f1fa2f3) Importer(815301076,1909f56bfc062723c751e8b465ee728b)  -> (artifact id: 'dc62564a5e2dc7d06ce679eb4941e3e0') in 0.751872 seconds
  Import took 0.763145 seconds .

========================================================================
Received Import Request.
  Time since last request: 103.312828 seconds.
  path: Assets/Assests/Characters
  artifactKey: Guid(db4b8fec914d7bb46b2c4ed0b1b6790f) Importer(815301076,1909f56bfc062723c751e8b465ee728b)
Start importing Assets/Assests/Characters using Guid(db4b8fec914d7bb46b2c4ed0b1b6790f) Importer(815301076,1909f56bfc062723c751e8b465ee728b)  -> (artifact id: '51b2d328ae3473cfc3cd737fded54174') in 0.021498 seconds
  Import took 0.030623 seconds .

========================================================================
Received Import Request.
  Time since last request: 25.188296 seconds.
  path: Assets/Assests/Characters/Male 16-1.png
  artifactKey: Guid(c23145943cd832542a8e82d1124e7762) Importer(815301076,1909f56bfc062723c751e8b465ee728b)
Start importing Assets/Assests/Characters/Male 16-1.png using Guid(c23145943cd832542a8e82d1124e7762) Importer(815301076,1909f56bfc062723c751e8b465ee728b)  -> (artifact id: 'f6bb662735d367021f8a67c117ae9fb0') in 0.042222 seconds
  Import took 0.050983 seconds .

========================================================================
Received Import Request.
  Time since last request: 0.003669 seconds.
  path: Assets/Assests/Characters/Male 16-1.png
  artifactKey: Guid(c23145943cd832542a8e82d1124e7762) Importer(815301076,1909f56bfc062723c751e8b465ee728b)
Start importing Assets/Assests/Characters/Male 16-1.png using Guid(c23145943cd832542a8e82d1124e7762) Importer(815301076,1909f56bfc062723c751e8b465ee728b)  -> (artifact id: 'f6bb662735d367021f8a67c117ae9fb0') in 0.032129 seconds
  Import took 0.041633 seconds .

========================================================================
Received Import Request.
  Time since last request: 45.908108 seconds.
  path: Assets/Assests/Characters/Male 16-1.png
  artifactKey: Guid(c23145943cd832542a8e82d1124e7762) Importer(815301076,1909f56bfc062723c751e8b465ee728b)
Start importing Assets/Assests/Characters/Male 16-1.png using Guid(c23145943cd832542a8e82d1124e7762) Importer(815301076,1909f56bfc062723c751e8b465ee728b)  -> (artifact id: '93e4500248ed4b859e7c50b3822f1718') in 0.025377 seconds
  Import took 0.033241 seconds .

========================================================================
Received Import Request.
  Time since last request: 0.027160 seconds.
  path: Assets/Assests/Characters/Male 16-1.png
  artifactKey: Guid(c23145943cd832542a8e82d1124e7762) Importer(815301076,1909f56bfc062723c751e8b465ee728b)
Start importing Assets/Assests/Characters/Male 16-1.png using Guid(c23145943cd832542a8e82d1124e7762) Importer(815301076,1909f56bfc062723c751e8b465ee728b)  -> (artifact id: '93e4500248ed4b859e7c50b3822f1718') in 0.015326 seconds
  Import took 0.022162 seconds .

========================================================================
Received Import Request.
  Time since last request: 6.861860 seconds.
  path: Assets/Assests/Characters/Male 16-1.png
  artifactKey: Guid(c23145943cd832542a8e82d1124e7762) Importer(815301076,1909f56bfc062723c751e8b465ee728b)
Start importing Assets/Assests/Characters/Male 16-1.png using Guid(c23145943cd832542a8e82d1124e7762) Importer(815301076,1909f56bfc062723c751e8b465ee728b)  -> (artifact id: '711b28ec6da03f32cfc408ec38403f49') in 0.096615 seconds
  Import took 0.104335 seconds .

========================================================================
Received Import Request.
  Time since last request: 103.102816 seconds.
  path: Assets/Assests/Characters/Male 16-1.png
  artifactKey: Guid(c23145943cd832542a8e82d1124e7762) Importer(815301076,1909f56bfc062723c751e8b465ee728b)
Start importing Assets/Assests/Characters/Male 16-1.png using Guid(c23145943cd832542a8e82d1124e7762) Importer(815301076,1909f56bfc062723c751e8b465ee728b)  -> (artifact id: '534c9e2bae03edfc7b1dc9b07372babc') in 0.085751 seconds
  Import took 0.094237 seconds .

========================================================================
Received Import Request.
  Time since last request: 31.144687 seconds.
  path: Assets/Assests/Characters/Male 16-1.png
  artifactKey: Guid(c23145943cd832542a8e82d1124e7762) Importer(815301076,1909f56bfc062723c751e8b465ee728b)
Start importing Assets/Assests/Characters/Male 16-1.png using Guid(c23145943cd832542a8e82d1124e7762) Importer(815301076,1909f56bfc062723c751e8b465ee728b)  -> (artifact id: '31dc3001c041be510ba1b4488ff5984c') in 0.085539 seconds
  Import took 0.091398 seconds .

========================================================================
Received Prepare
Registering precompiled user dll's ...
Registered in 0.001821 seconds.
Begin MonoManager ReloadAssembly
Native extension for WindowsStandalone target not found
Refreshing native plugins compatible for Editor in 0.71 ms, found 1 plugins.
Preloading 0 native plugins for Editor in 0.00 ms.
Invoked RoslynAnalysisRunner static constructor.
RoslynAnalysisRunner will not be running.
RoslynAnalysisRunner has terminated.
Mono: successfully reloaded assembly
- Completed reload, in  1.979 seconds
Platform modules already initialized, skipping
Refreshing native plugins compatible for Editor in 0.83 ms, found 1 plugins.
Preloading 0 native plugins for Editor in 0.00 ms.
Unloading 1829 Unused Serialized files (Serialized files now loaded: 0)
System memory in use before: 90.0 MB.
System memory in use after: 90.0 MB.

Unloading 11 unused Assets to reduce memory usage. Loaded Objects now: 2390.
Total: 4.534300 ms (FindLiveObjects: 0.391400 ms CreateObjectMapping: 0.242700 ms MarkObjects: 3.716100 ms  DeleteObjects: 0.181000 ms)

========================================================================
Received Prepare
Registering precompiled user dll's ...
Registered in 0.001754 seconds.
Begin MonoManager ReloadAssembly
Native extension for WindowsStandalone target not found
Refreshing native plugins compatible for Editor in 0.91 ms, found 1 plugins.
Preloading 0 native plugins for Editor in 0.00 ms.
Invoked RoslynAnalysisRunner static constructor.
RoslynAnalysisRunner will not be running.
RoslynAnalysisRunner has terminated.
Mono: successfully reloaded assembly
- Completed reload, in  1.789 seconds
Platform modules already initialized, skipping
Refreshing native plugins compatible for Editor in 1.05 ms, found 1 plugins.
Preloading 0 native plugins for Editor in 0.00 ms.
Unloading 1829 Unused Serialized files (Serialized files now loaded: 0)
System memory in use before: 90.0 MB.
System memory in use after: 90.0 MB.

Unloading 11 unused Assets to reduce memory usage. Loaded Objects now: 2393.
Total: 3.914300 ms (FindLiveObjects: 0.378000 ms CreateObjectMapping: 0.263200 ms MarkObjects: 3.111600 ms  DeleteObjects: 0.159300 ms)

========================================================================
Received Prepare
Registering precompiled user dll's ...
Registered in 0.001750 seconds.
Begin MonoManager ReloadAssembly
Native extension for WindowsStandalone target not found
Refreshing native plugins compatible for Editor in 0.61 ms, found 1 plugins.
Preloading 0 native plugins for Editor in 0.00 ms.
Invoked RoslynAnalysisRunner static constructor.
RoslynAnalysisRunner will not be running.
RoslynAnalysisRunner has terminated.
Mono: successfully reloaded assembly
- Completed reload, in  1.952 seconds
Platform modules already initialized, skipping
Refreshing native plugins compatible for Editor in 0.72 ms, found 1 plugins.
Preloading 0 native plugins for Editor in 0.00 ms.
Unloading 1829 Unused Serialized files (Serialized files now loaded: 0)
System memory in use before: 90.0 MB.
System memory in use after: 90.0 MB.

Unloading 11 unused Assets to reduce memory usage. Loaded Objects now: 2396.
Total: 4.430400 ms (FindLiveObjects: 0.389400 ms CreateObjectMapping: 0.243400 ms MarkObjects: 3.609200 ms  DeleteObjects: 0.186300 ms)

AssetImportWorkerClient::OnTransportError - code=2 error=End of file
