Using pre-set license
Built from '2020.2/release' branch; Version is '2020.2.4f1 (becced5a802b) revision 12504301'; Using compiler version '192528614'; Build Type 'Release'
OS: 'Windows 10 Pro Education; OS build 18363.1556; Version 1909; 64bit' Language: 'ar' Physical Memory: 8096 MB
BatchMode: 1, IsHumanControllingUs: 0, StartBugReporterOnCrash: 0, Is64bit: 1, IsPro: 0

 COMMAND LINE ARGUMENTS:
C:\Program Files\Unity\Hub\Editor\2020.2.4f1\Editor\Unity.exe
-adb2
-batchMode
-noUpm
-name
AssetImportWorker1
-projectPath
C:/TafraJam/Tafra-Jam-Game/src
-logFile
Logs/AssetImportWorker1.log
-srvPort
54829
Successfully changed project path to: C:/TafraJam/Tafra-Jam-Game/src
C:/TafraJam/Tafra-Jam-Game/src
Using Asset Import Pipeline V2.
Refreshing native plugins compatible for Editor in 73.74 ms, found 1 plugins.
Preloading 0 native plugins for Editor in 0.00 ms.
Initialize engine version: 2020.2.4f1 (becced5a802b)
[Subsystems] Discovering subsystems at path C:/Program Files/Unity/Hub/Editor/2020.2.4f1/Editor/Data/Resources/UnitySubsystems
[Subsystems] Discovering subsystems at path C:/TafraJam/Tafra-Jam-Game/src/Assets
GfxDevice: creating device client; threaded=0
Direct3D:
    Version:  Direct3D 11.0 [level 11.1]
    Renderer: Intel(R) HD Graphics Family (ID=0xa1e)
    Vendor:   
    VRAM:     2048 MB
    Driver:   20.19.15.4531
Initialize mono
Mono path[0] = 'C:/Program Files/Unity/Hub/Editor/2020.2.4f1/Editor/Data/Managed'
Mono path[1] = 'C:/Program Files/Unity/Hub/Editor/2020.2.4f1/Editor/Data/MonoBleedingEdge/lib/mono/unityjit'
Mono config path = 'C:/Program Files/Unity/Hub/Editor/2020.2.4f1/Editor/Data/MonoBleedingEdge/etc'
Using monoOptions --debugger-agent=transport=dt_socket,embedding=1,server=y,suspend=n,address=127.0.0.1:56348
Begin MonoManager ReloadAssembly
Registering precompiled unity dll's ...
Register platform support module: C:/Program Files/Unity/Hub/Editor/2020.2.4f1/Editor/Data/PlaybackEngines/WindowsStandaloneSupport/UnityEditor.WindowsStandalone.Extensions.dll
Registered in 0.003254 seconds.
Native extension for WindowsStandalone target not found
Refreshing native plugins compatible for Editor in 72.18 ms, found 1 plugins.
Preloading 0 native plugins for Editor in 0.00 ms.
Invoked RoslynAnalysisRunner static constructor.
RoslynAnalysisRunner will not be running.
RoslynAnalysisRunner has terminated.
Mono: successfully reloaded assembly
- Completed reload, in  3.764 seconds
Platform modules already initialized, skipping
Registering precompiled user dll's ...
Registered in 0.002328 seconds.
Begin MonoManager ReloadAssembly
Native extension for WindowsStandalone target not found
Refreshing native plugins compatible for Editor in 131.93 ms, found 1 plugins.
Preloading 0 native plugins for Editor in 0.00 ms.
Invoked RoslynAnalysisRunner static constructor.
RoslynAnalysisRunner will not be running.
RoslynAnalysisRunner has terminated.
Mono: successfully reloaded assembly
- Completed reload, in  4.455 seconds
Platform modules already initialized, skipping
========================================================================
Worker process is ready to serve import requests
Launched and connected shader compiler UnityShaderCompiler.exe after 0.25 seconds
Refreshing native plugins compatible for Editor in 1.36 ms, found 1 plugins.
Preloading 0 native plugins for Editor in 0.00 ms.
Unloading 1852 Unused Serialized files (Serialized files now loaded: 0)
System memory in use before: 87.5 MB.
System memory in use after: 87.6 MB.

Unloading 22 unused Assets to reduce memory usage. Loaded Objects now: 2296.
Total: 5.474300 ms (FindLiveObjects: 0.458700 ms CreateObjectMapping: 0.314200 ms MarkObjects: 4.456700 ms  DeleteObjects: 0.241100 ms)

========================================================================
Received Import Request.
  path: Assets/Scenes/Level1.unity
  artifactKey: Guid(7f56fac58e237bd4d948200e72b82877) Importer(815301076,1909f56bfc062723c751e8b465ee728b)
Start importing Assets/Scenes/Level1.unity using Guid(7f56fac58e237bd4d948200e72b82877) Importer(815301076,1909f56bfc062723c751e8b465ee728b)  -> (artifact id: 'aaa0fdf44d01884e3a961937eaa7a026') in 0.078523 seconds
  Import took 0.100118 seconds .

========================================================================
Received Import Request.
  Time since last request: 648.494485 seconds.
  path: Assets/Music/Dancing Music.wav
  artifactKey: Guid(8d2eb410fd2b3074b887fc6b04f38996) Importer(815301076,1909f56bfc062723c751e8b465ee728b)
Start importing Assets/Music/Dancing Music.wav using Guid(8d2eb410fd2b3074b887fc6b04f38996) Importer(815301076,1909f56bfc062723c751e8b465ee728b)  -> (artifact id: 'e0eec80642837a9bcfa1d1749e9fc684') in 0.312169 seconds
  Import took 0.326491 seconds .

========================================================================
Received Import Request.
  Time since last request: 0.000764 seconds.
  path: Assets/Music/Game Over.wav
  artifactKey: Guid(3b3ff9e01bf3fb74583f753297bafd05) Importer(815301076,1909f56bfc062723c751e8b465ee728b)
Start importing Assets/Music/Game Over.wav using Guid(3b3ff9e01bf3fb74583f753297bafd05) Importer(815301076,1909f56bfc062723c751e8b465ee728b)  -> (artifact id: '1fb8c11aedd385595039a16a3331e696') in 0.071373 seconds
  Import took 0.085406 seconds .

========================================================================
Received Import Request.
  Time since last request: 0.000956 seconds.
  path: Assets/Music/Lose Heart.wav
  artifactKey: Guid(c643bf7bda723a44b9cbc1dbd3dd386c) Importer(815301076,1909f56bfc062723c751e8b465ee728b)
Start importing Assets/Music/Lose Heart.wav using Guid(c643bf7bda723a44b9cbc1dbd3dd386c) Importer(815301076,1909f56bfc062723c751e8b465ee728b)  -> (artifact id: 'cbdbc0441ba2f1b91b12d10e5aaecb4c') in 0.096184 seconds
  Import took 0.107871 seconds .

========================================================================
Received Prepare
Registering precompiled user dll's ...
Registered in 0.005127 seconds.
Begin MonoManager ReloadAssembly
Native extension for WindowsStandalone target not found
Refreshing native plugins compatible for Editor in 1.17 ms, found 1 plugins.
Preloading 0 native plugins for Editor in 0.00 ms.
Invoked RoslynAnalysisRunner static constructor.
RoslynAnalysisRunner will not be running.
RoslynAnalysisRunner has terminated.
Mono: successfully reloaded assembly
- Completed reload, in  2.596 seconds
Platform modules already initialized, skipping
Refreshing native plugins compatible for Editor in 0.80 ms, found 1 plugins.
Preloading 0 native plugins for Editor in 0.00 ms.
Unloading 1832 Unused Serialized files (Serialized files now loaded: 0)
System memory in use before: 89.5 MB.
System memory in use after: 89.5 MB.

Unloading 10 unused Assets to reduce memory usage. Loaded Objects now: 2308.
Total: 5.344000 ms (FindLiveObjects: 0.956200 ms CreateObjectMapping: 0.307600 ms MarkObjects: 3.926600 ms  DeleteObjects: 0.150500 ms)

========================================================================
Received Prepare
Registering precompiled user dll's ...
Registered in 0.001877 seconds.
Begin MonoManager ReloadAssembly
Native extension for WindowsStandalone target not found
Refreshing native plugins compatible for Editor in 0.67 ms, found 1 plugins.
Preloading 0 native plugins for Editor in 0.00 ms.
Invoked RoslynAnalysisRunner static constructor.
RoslynAnalysisRunner will not be running.
RoslynAnalysisRunner has terminated.
Mono: successfully reloaded assembly
- Completed reload, in  2.753 seconds
Platform modules already initialized, skipping
Refreshing native plugins compatible for Editor in 1.07 ms, found 1 plugins.
Preloading 0 native plugins for Editor in 0.00 ms.
Unloading 1832 Unused Serialized files (Serialized files now loaded: 0)
System memory in use before: 89.5 MB.
System memory in use after: 89.6 MB.

Unloading 10 unused Assets to reduce memory usage. Loaded Objects now: 2311.
Total: 4.911600 ms (FindLiveObjects: 0.417700 ms CreateObjectMapping: 0.332100 ms MarkObjects: 4.001000 ms  DeleteObjects: 0.157900 ms)

========================================================================
Received Prepare
Registering precompiled user dll's ...
Registered in 0.003855 seconds.
Begin MonoManager ReloadAssembly
Native extension for WindowsStandalone target not found
Refreshing native plugins compatible for Editor in 1.88 ms, found 1 plugins.
Preloading 0 native plugins for Editor in 0.00 ms.
Invoked RoslynAnalysisRunner static constructor.
RoslynAnalysisRunner will not be running.
RoslynAnalysisRunner has terminated.
Mono: successfully reloaded assembly
- Completed reload, in  6.284 seconds
Platform modules already initialized, skipping
Refreshing native plugins compatible for Editor in 1.42 ms, found 1 plugins.
Preloading 0 native plugins for Editor in 0.00 ms.
Unloading 1832 Unused Serialized files (Serialized files now loaded: 0)
System memory in use before: 89.5 MB.
System memory in use after: 89.6 MB.

Unloading 10 unused Assets to reduce memory usage. Loaded Objects now: 2314.
Total: 93.813500 ms (FindLiveObjects: 18.019800 ms CreateObjectMapping: 7.805200 ms MarkObjects: 67.182600 ms  DeleteObjects: 0.795900 ms)

========================================================================
Received Prepare
Registering precompiled user dll's ...
Registered in 0.007076 seconds.
Begin MonoManager ReloadAssembly
Native extension for WindowsStandalone target not found
Refreshing native plugins compatible for Editor in 0.75 ms, found 1 plugins.
Preloading 0 native plugins for Editor in 0.00 ms.
Invoked RoslynAnalysisRunner static constructor.
RoslynAnalysisRunner will not be running.
RoslynAnalysisRunner has terminated.
Mono: successfully reloaded assembly
- Completed reload, in  2.794 seconds
Platform modules already initialized, skipping
Refreshing native plugins compatible for Editor in 3.74 ms, found 1 plugins.
Preloading 0 native plugins for Editor in 0.00 ms.
Unloading 1832 Unused Serialized files (Serialized files now loaded: 0)
System memory in use before: 89.5 MB.
System memory in use after: 89.6 MB.

Unloading 10 unused Assets to reduce memory usage. Loaded Objects now: 2317.
Total: 8.314900 ms (FindLiveObjects: 0.787200 ms CreateObjectMapping: 0.396700 ms MarkObjects: 6.899700 ms  DeleteObjects: 0.225900 ms)

========================================================================
Received Prepare
Registering precompiled user dll's ...
Registered in 0.001945 seconds.
Begin MonoManager ReloadAssembly
Native extension for WindowsStandalone target not found
Refreshing native plugins compatible for Editor in 1.54 ms, found 1 plugins.
Preloading 0 native plugins for Editor in 0.00 ms.
Invoked RoslynAnalysisRunner static constructor.
RoslynAnalysisRunner will not be running.
RoslynAnalysisRunner has terminated.
Mono: successfully reloaded assembly
- Completed reload, in  3.664 seconds
Platform modules already initialized, skipping
Refreshing native plugins compatible for Editor in 1.09 ms, found 1 plugins.
Preloading 0 native plugins for Editor in 0.00 ms.
Unloading 1832 Unused Serialized files (Serialized files now loaded: 0)
System memory in use before: 89.6 MB.
System memory in use after: 89.6 MB.

Unloading 10 unused Assets to reduce memory usage. Loaded Objects now: 2320.
Total: 73.437100 ms (FindLiveObjects: 10.942200 ms CreateObjectMapping: 11.058300 ms MarkObjects: 50.947000 ms  DeleteObjects: 0.447200 ms)

========================================================================
Received Prepare
Registering precompiled user dll's ...
Registered in 0.002360 seconds.
Begin MonoManager ReloadAssembly
Native extension for WindowsStandalone target not found
Refreshing native plugins compatible for Editor in 0.66 ms, found 1 plugins.
Preloading 0 native plugins for Editor in 0.00 ms.
Invoked RoslynAnalysisRunner static constructor.
RoslynAnalysisRunner will not be running.
RoslynAnalysisRunner has terminated.
Mono: successfully reloaded assembly
- Completed reload, in  3.760 seconds
Platform modules already initialized, skipping
Refreshing native plugins compatible for Editor in 1.70 ms, found 1 plugins.
Preloading 0 native plugins for Editor in 0.00 ms.
Unloading 1832 Unused Serialized files (Serialized files now loaded: 0)
System memory in use before: 89.6 MB.
System memory in use after: 89.6 MB.

Unloading 10 unused Assets to reduce memory usage. Loaded Objects now: 2323.
Total: 6.325100 ms (FindLiveObjects: 0.557700 ms CreateObjectMapping: 0.232700 ms MarkObjects: 5.319600 ms  DeleteObjects: 0.210700 ms)

========================================================================
Received Prepare
Registering precompiled user dll's ...
Registered in 0.002525 seconds.
Begin MonoManager ReloadAssembly
Native extension for WindowsStandalone target not found
Refreshing native plugins compatible for Editor in 0.68 ms, found 1 plugins.
Preloading 0 native plugins for Editor in 0.00 ms.
Invoked RoslynAnalysisRunner static constructor.
RoslynAnalysisRunner will not be running.
RoslynAnalysisRunner has terminated.
Mono: successfully reloaded assembly
- Completed reload, in  2.551 seconds
Platform modules already initialized, skipping
Refreshing native plugins compatible for Editor in 0.74 ms, found 1 plugins.
Preloading 0 native plugins for Editor in 0.00 ms.
Unloading 1832 Unused Serialized files (Serialized files now loaded: 0)
System memory in use before: 89.6 MB.
System memory in use after: 89.6 MB.

Unloading 10 unused Assets to reduce memory usage. Loaded Objects now: 2326.
Total: 3.870300 ms (FindLiveObjects: 0.322300 ms CreateObjectMapping: 0.165800 ms MarkObjects: 3.225300 ms  DeleteObjects: 0.153800 ms)

========================================================================
Received Prepare
Registering precompiled user dll's ...
Registered in 0.002076 seconds.
Begin MonoManager ReloadAssembly
Native extension for WindowsStandalone target not found
Refreshing native plugins compatible for Editor in 0.71 ms, found 1 plugins.
Preloading 0 native plugins for Editor in 0.00 ms.
Invoked RoslynAnalysisRunner static constructor.
RoslynAnalysisRunner will not be running.
RoslynAnalysisRunner has terminated.
Mono: successfully reloaded assembly
- Completed reload, in  3.388 seconds
Platform modules already initialized, skipping
Refreshing native plugins compatible for Editor in 1.31 ms, found 1 plugins.
Preloading 0 native plugins for Editor in 0.00 ms.
Unloading 1832 Unused Serialized files (Serialized files now loaded: 0)
System memory in use before: 89.6 MB.
System memory in use after: 89.6 MB.

Unloading 10 unused Assets to reduce memory usage. Loaded Objects now: 2329.
Total: 6.752900 ms (FindLiveObjects: 0.697700 ms CreateObjectMapping: 0.365500 ms MarkObjects: 5.376000 ms  DeleteObjects: 0.309300 ms)

========================================================================
Received Prepare
Registering precompiled user dll's ...
Registered in 0.002329 seconds.
Begin MonoManager ReloadAssembly
Native extension for WindowsStandalone target not found
Refreshing native plugins compatible for Editor in 0.57 ms, found 1 plugins.
Preloading 0 native plugins for Editor in 0.00 ms.
Invoked RoslynAnalysisRunner static constructor.
RoslynAnalysisRunner will not be running.
RoslynAnalysisRunner has terminated.
Mono: successfully reloaded assembly
- Completed reload, in  2.456 seconds
Platform modules already initialized, skipping
Refreshing native plugins compatible for Editor in 1.04 ms, found 1 plugins.
Preloading 0 native plugins for Editor in 0.00 ms.
Unloading 1832 Unused Serialized files (Serialized files now loaded: 0)
System memory in use before: 89.6 MB.
System memory in use after: 89.6 MB.

Unloading 10 unused Assets to reduce memory usage. Loaded Objects now: 2332.
Total: 4.420300 ms (FindLiveObjects: 0.409000 ms CreateObjectMapping: 0.252000 ms MarkObjects: 3.597900 ms  DeleteObjects: 0.158300 ms)

========================================================================
Received Prepare
Registering precompiled user dll's ...
Registered in 0.002094 seconds.
Begin MonoManager ReloadAssembly
Native extension for WindowsStandalone target not found
Refreshing native plugins compatible for Editor in 0.99 ms, found 1 plugins.
Preloading 0 native plugins for Editor in 0.00 ms.
Invoked RoslynAnalysisRunner static constructor.
RoslynAnalysisRunner will not be running.
RoslynAnalysisRunner has terminated.
Mono: successfully reloaded assembly
- Completed reload, in  2.191 seconds
Platform modules already initialized, skipping
Refreshing native plugins compatible for Editor in 0.82 ms, found 1 plugins.
Preloading 0 native plugins for Editor in 0.00 ms.
Unloading 1832 Unused Serialized files (Serialized files now loaded: 0)
System memory in use before: 89.6 MB.
System memory in use after: 89.7 MB.

Unloading 10 unused Assets to reduce memory usage. Loaded Objects now: 2335.
Total: 5.036000 ms (FindLiveObjects: 0.381700 ms CreateObjectMapping: 0.261100 ms MarkObjects: 4.228500 ms  DeleteObjects: 0.161700 ms)

========================================================================
Received Import Request.
  Time since last request: 1522.987028 seconds.
  path: Assets/Scripts/HealthBar.cs
  artifactKey: Guid(335e3970c48d3a14c8beb1419aa917a3) Importer(815301076,1909f56bfc062723c751e8b465ee728b)
Start importing Assets/Scripts/HealthBar.cs using Guid(335e3970c48d3a14c8beb1419aa917a3) Importer(815301076,1909f56bfc062723c751e8b465ee728b)  -> (artifact id: '7290344f513c97e8df0c3abaaaeb2e5a') in 0.069223 seconds
  Import took 0.222250 seconds .

========================================================================
Received Import Request.
  Time since last request: 0.018582 seconds.
  path: Assets/Scripts/HealthBar.cs
  artifactKey: Guid(335e3970c48d3a14c8beb1419aa917a3) Importer(815301076,1909f56bfc062723c751e8b465ee728b)
Start importing Assets/Scripts/HealthBar.cs using Guid(335e3970c48d3a14c8beb1419aa917a3) Importer(815301076,1909f56bfc062723c751e8b465ee728b)  -> (artifact id: '7290344f513c97e8df0c3abaaaeb2e5a') in 0.160913 seconds
  Import took 0.187324 seconds .

========================================================================
Received Prepare
Registering precompiled user dll's ...
Registered in 0.001953 seconds.
Begin MonoManager ReloadAssembly
Native extension for WindowsStandalone target not found
Refreshing native plugins compatible for Editor in 0.84 ms, found 1 plugins.
Preloading 0 native plugins for Editor in 0.00 ms.
Invoked RoslynAnalysisRunner static constructor.
RoslynAnalysisRunner will not be running.
RoslynAnalysisRunner has terminated.
Mono: successfully reloaded assembly
- Completed reload, in  3.323 seconds
Platform modules already initialized, skipping
Refreshing native plugins compatible for Editor in 2.57 ms, found 1 plugins.
Preloading 0 native plugins for Editor in 0.00 ms.
Unloading 1833 Unused Serialized files (Serialized files now loaded: 0)
System memory in use before: 89.6 MB.
System memory in use after: 89.7 MB.

Unloading 10 unused Assets to reduce memory usage. Loaded Objects now: 2339.
Total: 6.572500 ms (FindLiveObjects: 0.780900 ms CreateObjectMapping: 0.324200 ms MarkObjects: 5.233000 ms  DeleteObjects: 0.229800 ms)

========================================================================
Received Prepare
Registering precompiled user dll's ...
Registered in 0.002198 seconds.
Begin MonoManager ReloadAssembly
Native extension for WindowsStandalone target not found
Refreshing native plugins compatible for Editor in 0.75 ms, found 1 plugins.
Preloading 0 native plugins for Editor in 0.00 ms.
Invoked RoslynAnalysisRunner static constructor.
RoslynAnalysisRunner will not be running.
RoslynAnalysisRunner has terminated.
Mono: successfully reloaded assembly
- Completed reload, in  3.356 seconds
Platform modules already initialized, skipping
Refreshing native plugins compatible for Editor in 1.90 ms, found 1 plugins.
Preloading 0 native plugins for Editor in 0.00 ms.
Unloading 1833 Unused Serialized files (Serialized files now loaded: 0)
System memory in use before: 89.6 MB.
System memory in use after: 89.7 MB.

Unloading 10 unused Assets to reduce memory usage. Loaded Objects now: 2342.
Total: 5.257000 ms (FindLiveObjects: 0.474100 ms CreateObjectMapping: 0.228500 ms MarkObjects: 4.362900 ms  DeleteObjects: 0.187900 ms)

========================================================================
Received Prepare
Registering precompiled user dll's ...
Registered in 0.002197 seconds.
Begin MonoManager ReloadAssembly
Native extension for WindowsStandalone target not found
Refreshing native plugins compatible for Editor in 0.88 ms, found 1 plugins.
Preloading 0 native plugins for Editor in 0.00 ms.
Invoked RoslynAnalysisRunner static constructor.
RoslynAnalysisRunner will not be running.
RoslynAnalysisRunner has terminated.
Mono: successfully reloaded assembly
- Completed reload, in  3.857 seconds
Platform modules already initialized, skipping
Refreshing native plugins compatible for Editor in 1.04 ms, found 1 plugins.
Preloading 0 native plugins for Editor in 0.00 ms.
Unloading 1833 Unused Serialized files (Serialized files now loaded: 0)
System memory in use before: 89.7 MB.
System memory in use after: 89.7 MB.

Unloading 10 unused Assets to reduce memory usage. Loaded Objects now: 2345.
Total: 5.215600 ms (FindLiveObjects: 0.428800 ms CreateObjectMapping: 0.310200 ms MarkObjects: 4.293100 ms  DeleteObjects: 0.180300 ms)

========================================================================
Received Prepare
Registering precompiled user dll's ...
Registered in 0.002348 seconds.
Begin MonoManager ReloadAssembly
Native extension for WindowsStandalone target not found
Refreshing native plugins compatible for Editor in 0.91 ms, found 1 plugins.
Preloading 0 native plugins for Editor in 0.00 ms.
Invoked RoslynAnalysisRunner static constructor.
RoslynAnalysisRunner will not be running.
RoslynAnalysisRunner has terminated.
Mono: successfully reloaded assembly
- Completed reload, in  3.424 seconds
Platform modules already initialized, skipping
Refreshing native plugins compatible for Editor in 0.81 ms, found 1 plugins.
Preloading 0 native plugins for Editor in 0.00 ms.
Unloading 1833 Unused Serialized files (Serialized files now loaded: 0)
System memory in use before: 89.7 MB.
System memory in use after: 89.7 MB.

Unloading 10 unused Assets to reduce memory usage. Loaded Objects now: 2348.
Total: 4.555300 ms (FindLiveObjects: 0.317400 ms CreateObjectMapping: 0.162300 ms MarkObjects: 3.908600 ms  DeleteObjects: 0.163900 ms)

========================================================================
Received Prepare
Registering precompiled user dll's ...
Registered in 0.004335 seconds.
Begin MonoManager ReloadAssembly
Native extension for WindowsStandalone target not found
Refreshing native plugins compatible for Editor in 0.67 ms, found 1 plugins.
Preloading 0 native plugins for Editor in 0.00 ms.
Invoked RoslynAnalysisRunner static constructor.
RoslynAnalysisRunner will not be running.
RoslynAnalysisRunner has terminated.
Mono: successfully reloaded assembly
- Completed reload, in  3.777 seconds
Platform modules already initialized, skipping
Refreshing native plugins compatible for Editor in 0.85 ms, found 1 plugins.
Preloading 0 native plugins for Editor in 0.00 ms.
Unloading 1833 Unused Serialized files (Serialized files now loaded: 0)
System memory in use before: 89.7 MB.
System memory in use after: 89.7 MB.

Unloading 10 unused Assets to reduce memory usage. Loaded Objects now: 2351.
Total: 11.509300 ms (FindLiveObjects: 0.859300 ms CreateObjectMapping: 0.501700 ms MarkObjects: 9.634000 ms  DeleteObjects: 0.506400 ms)

========================================================================
Received Prepare
Registering precompiled user dll's ...
Registered in 0.002609 seconds.
Begin MonoManager ReloadAssembly
Native extension for WindowsStandalone target not found
Refreshing native plugins compatible for Editor in 0.79 ms, found 1 plugins.
Preloading 0 native plugins for Editor in 0.00 ms.
Invoked RoslynAnalysisRunner static constructor.
RoslynAnalysisRunner will not be running.
RoslynAnalysisRunner has terminated.
Mono: successfully reloaded assembly
- Completed reload, in  2.468 seconds
Platform modules already initialized, skipping
Refreshing native plugins compatible for Editor in 1.55 ms, found 1 plugins.
Preloading 0 native plugins for Editor in 0.00 ms.
Unloading 1833 Unused Serialized files (Serialized files now loaded: 0)
System memory in use before: 89.7 MB.
System memory in use after: 89.7 MB.

Unloading 10 unused Assets to reduce memory usage. Loaded Objects now: 2354.
Total: 7.036100 ms (FindLiveObjects: 0.597500 ms CreateObjectMapping: 0.448700 ms MarkObjects: 5.804400 ms  DeleteObjects: 0.180600 ms)

========================================================================
Received Import Request.
  Time since last request: 757.594501 seconds.
  path: Assets/Assests/arrows
  artifactKey: Guid(b4112e3fd08e22a4eaa8eed38b79d28b) Importer(815301076,1909f56bfc062723c751e8b465ee728b)
Start importing Assets/Assests/arrows using Guid(b4112e3fd08e22a4eaa8eed38b79d28b) Importer(815301076,1909f56bfc062723c751e8b465ee728b)  -> (artifact id: '7e83e99dc86e435bd108e94a99f1dcb3') in 0.037021 seconds
  Import took 0.056781 seconds .

========================================================================
Received Prepare
Registering precompiled user dll's ...
Registered in 0.003020 seconds.
Begin MonoManager ReloadAssembly
Native extension for WindowsStandalone target not found
Refreshing native plugins compatible for Editor in 1.01 ms, found 1 plugins.
Preloading 0 native plugins for Editor in 0.00 ms.
Invoked RoslynAnalysisRunner static constructor.
RoslynAnalysisRunner will not be running.
RoslynAnalysisRunner has terminated.
Mono: successfully reloaded assembly
- Completed reload, in  3.734 seconds
Platform modules already initialized, skipping
Refreshing native plugins compatible for Editor in 1.39 ms, found 1 plugins.
Preloading 0 native plugins for Editor in 0.00 ms.
Unloading 1833 Unused Serialized files (Serialized files now loaded: 0)
System memory in use before: 89.7 MB.
System memory in use after: 89.7 MB.

Unloading 10 unused Assets to reduce memory usage. Loaded Objects now: 2357.
Total: 7.273700 ms (FindLiveObjects: 0.871900 ms CreateObjectMapping: 0.380500 ms MarkObjects: 5.778500 ms  DeleteObjects: 0.237200 ms)

========================================================================
Received Prepare
Registering precompiled user dll's ...
Registered in 0.003192 seconds.
Begin MonoManager ReloadAssembly
Native extension for WindowsStandalone target not found
Refreshing native plugins compatible for Editor in 1.54 ms, found 1 plugins.
Preloading 0 native plugins for Editor in 0.00 ms.
Invoked RoslynAnalysisRunner static constructor.
RoslynAnalysisRunner will not be running.
RoslynAnalysisRunner has terminated.
Mono: successfully reloaded assembly
- Completed reload, in  3.413 seconds
Platform modules already initialized, skipping
Refreshing native plugins compatible for Editor in 2.39 ms, found 1 plugins.
Preloading 0 native plugins for Editor in 0.00 ms.
Unloading 1833 Unused Serialized files (Serialized files now loaded: 0)
System memory in use before: 89.7 MB.
System memory in use after: 89.7 MB.

Unloading 10 unused Assets to reduce memory usage. Loaded Objects now: 2360.
Total: 7.504200 ms (FindLiveObjects: 0.687000 ms CreateObjectMapping: 0.290700 ms MarkObjects: 6.284000 ms  DeleteObjects: 0.237400 ms)

========================================================================
Received Import Request.
  Time since last request: 111.310727 seconds.
  path: Assets/Assests/arrows/AfterPushDownArrow.png
  artifactKey: Guid(99f7e00df295b2b4c8b495e07e3d041d) Importer(815301076,1909f56bfc062723c751e8b465ee728b)
Start importing Assets/Assests/arrows/AfterPushDownArrow.png using Guid(99f7e00df295b2b4c8b495e07e3d041d) Importer(815301076,1909f56bfc062723c751e8b465ee728b)  -> (artifact id: '5c608d8fbcaa87661d9b5ccc351294f2') in 0.682335 seconds
  Import took 0.757509 seconds .

========================================================================
Received Import Request.
  Time since last request: 0.000251 seconds.
  path: Assets/Assests/arrows/UpArrow.png
  artifactKey: Guid(0cf6eda1cc1cf4648a94539b54bc4844) Importer(815301076,1909f56bfc062723c751e8b465ee728b)
Start importing Assets/Assests/arrows/UpArrow.png using Guid(0cf6eda1cc1cf4648a94539b54bc4844) Importer(815301076,1909f56bfc062723c751e8b465ee728b)  -> (artifact id: 'c0182716581a9e75168381fd433c33e8') in 0.536805 seconds
  Import took 0.566470 seconds .

========================================================================
Received Import Request.
  Time since last request: 0.001057 seconds.
  path: Assets/Assests/arrows/AfterPushUpArrow.png
  artifactKey: Guid(45a078006f5531f4887476ecb8480991) Importer(815301076,1909f56bfc062723c751e8b465ee728b)
Start importing Assets/Assests/arrows/AfterPushUpArrow.png using Guid(45a078006f5531f4887476ecb8480991) Importer(815301076,1909f56bfc062723c751e8b465ee728b)  -> (artifact id: 'cffdbc66e0760e53b59818d0ba9fe387') in 0.596974 seconds
  Import took 0.645595 seconds .

========================================================================
Received Import Request.
  Time since last request: 0.000692 seconds.
  path: Assets/Assests/arrows/AfterPushRightArrow.png
  artifactKey: Guid(29f10d5b7e8652544a7aeedf39298800) Importer(815301076,1909f56bfc062723c751e8b465ee728b)
Start importing Assets/Assests/arrows/AfterPushRightArrow.png using Guid(29f10d5b7e8652544a7aeedf39298800) Importer(815301076,1909f56bfc062723c751e8b465ee728b)  -> (artifact id: 'd33b6708294569b04e34b7f813f32992') in 0.389436 seconds
  Import took 0.412683 seconds .

========================================================================
Received Import Request.
  Time since last request: 0.000635 seconds.
  path: Assets/Assests/arrows/RightArrow.png
  artifactKey: Guid(6fe7c82b1b6fed04d801f43a0e5889ef) Importer(815301076,1909f56bfc062723c751e8b465ee728b)
Start importing Assets/Assests/arrows/RightArrow.png using Guid(6fe7c82b1b6fed04d801f43a0e5889ef) Importer(815301076,1909f56bfc062723c751e8b465ee728b)  -> (artifact id: '9611c076f9532fb1f06d87046d6d8ebc') in 0.228192 seconds
  Import took 0.243740 seconds .

========================================================================
Received Import Request.
  Time since last request: 0.000161 seconds.
  path: Assets/Assests/arrows/AfterPushLeftArrow.png
  artifactKey: Guid(15c57b3c495c9054490d51085ec76c10) Importer(815301076,1909f56bfc062723c751e8b465ee728b)
Start importing Assets/Assests/arrows/AfterPushLeftArrow.png using Guid(15c57b3c495c9054490d51085ec76c10) Importer(815301076,1909f56bfc062723c751e8b465ee728b)  -> (artifact id: '6bfe2c7d35699144d9e3641e674a8bd5') in 0.570224 seconds
  Import took 0.585987 seconds .

========================================================================
Received Import Request.
  Time since last request: 0.000656 seconds.
  path: Assets/Assests/arrows/DownArrow.png
  artifactKey: Guid(f5194a420b808fb48b46eb64d04aa39b) Importer(815301076,1909f56bfc062723c751e8b465ee728b)
Start importing Assets/Assests/arrows/DownArrow.png using Guid(f5194a420b808fb48b46eb64d04aa39b) Importer(815301076,1909f56bfc062723c751e8b465ee728b)  -> (artifact id: 'ecb69527a99f40b53ebc2250bfdeab40') in 0.531176 seconds
  Import took 0.809915 seconds .

========================================================================
Received Import Request.
  Time since last request: 0.000871 seconds.
  path: Assets/Assests/arrows/PushLeftArrow.png
  artifactKey: Guid(a6983ae545de2544f929e173ea0d9753) Importer(815301076,1909f56bfc062723c751e8b465ee728b)
Start importing Assets/Assests/arrows/PushLeftArrow.png using Guid(a6983ae545de2544f929e173ea0d9753) Importer(815301076,1909f56bfc062723c751e8b465ee728b)  -> (artifact id: '2a408714662bf88850a47b38bbd7638d') in 1.623858 seconds
  Import took 1.640376 seconds .

========================================================================
Received Import Request.
  Time since last request: 0.001013 seconds.
  path: Assets/Assests/arrows/PushDownArrow.png
  artifactKey: Guid(ec292b44064cd154c9a724cceafa7e62) Importer(815301076,1909f56bfc062723c751e8b465ee728b)
Start importing Assets/Assests/arrows/PushDownArrow.png using Guid(ec292b44064cd154c9a724cceafa7e62) Importer(815301076,1909f56bfc062723c751e8b465ee728b)  -> (artifact id: '0c9c6682ec3dcce303b582f8af270d87') in 0.620624 seconds
  Import took 0.721750 seconds .

========================================================================
Received Import Request.
  Time since last request: 0.000216 seconds.
  path: Assets/Assests/arrows/PushUpArrow.png
  artifactKey: Guid(d01e88ece9367794ba9e13b1f76b6464) Importer(815301076,1909f56bfc062723c751e8b465ee728b)
Start importing Assets/Assests/arrows/PushUpArrow.png using Guid(d01e88ece9367794ba9e13b1f76b6464) Importer(815301076,1909f56bfc062723c751e8b465ee728b)  -> (artifact id: 'e7a70ba16625e57e6db93f86e9cf7244') in 1.323754 seconds
  Import took 1.394677 seconds .

========================================================================
Received Import Request.
  Time since last request: 0.000652 seconds.
  path: Assets/Assests/arrows/LeftArrow.png
  artifactKey: Guid(6a278ea60693c694bb82c581a49e5200) Importer(815301076,1909f56bfc062723c751e8b465ee728b)
Start importing Assets/Assests/arrows/LeftArrow.png using Guid(6a278ea60693c694bb82c581a49e5200) Importer(815301076,1909f56bfc062723c751e8b465ee728b)  -> (artifact id: '1d06f380ce0e8fb56890b34331c6b61b') in 0.800651 seconds
  Import took 0.829319 seconds .

========================================================================
Received Import Request.
  Time since last request: 0.001149 seconds.
  path: Assets/Assests/arrows/PushRightArrow.png
  artifactKey: Guid(45057190eb3dd5747ac9a9595857524f) Importer(815301076,1909f56bfc062723c751e8b465ee728b)
Start importing Assets/Assests/arrows/PushRightArrow.png using Guid(45057190eb3dd5747ac9a9595857524f) Importer(815301076,1909f56bfc062723c751e8b465ee728b)  -> (artifact id: '4d92ac0ff71bb0bbeb710bf4fe89fd39') in 0.049469 seconds
  Import took 0.065724 seconds .

========================================================================
Received Import Request.
  Time since last request: 163.503140 seconds.
  path: Assets/Assests/arrows/PushLeftArrow.png
  artifactKey: Guid(a6983ae545de2544f929e173ea0d9753) Importer(815301076,1909f56bfc062723c751e8b465ee728b)
Start importing Assets/Assests/arrows/PushLeftArrow.png using Guid(a6983ae545de2544f929e173ea0d9753) Importer(815301076,1909f56bfc062723c751e8b465ee728b)  -> (artifact id: '0454d899e9144690bf6eae8aa8bd2a46') in 0.028632 seconds
  Import took 0.036855 seconds .

========================================================================
Received Import Request.
  Time since last request: 0.031770 seconds.
  path: Assets/Assests/arrows/AfterPushDownArrow.png
  artifactKey: Guid(99f7e00df295b2b4c8b495e07e3d041d) Importer(815301076,1909f56bfc062723c751e8b465ee728b)
Start importing Assets/Assests/arrows/AfterPushDownArrow.png using Guid(99f7e00df295b2b4c8b495e07e3d041d) Importer(815301076,1909f56bfc062723c751e8b465ee728b)  -> (artifact id: '81b09793d82d4bafe43f2bcdb652657e') in 0.034022 seconds
  Import took 0.046904 seconds .

========================================================================
Received Import Request.
  Time since last request: 0.000892 seconds.
  path: Assets/Assests/arrows/UpArrow.png
  artifactKey: Guid(0cf6eda1cc1cf4648a94539b54bc4844) Importer(815301076,1909f56bfc062723c751e8b465ee728b)
Start importing Assets/Assests/arrows/UpArrow.png using Guid(0cf6eda1cc1cf4648a94539b54bc4844) Importer(815301076,1909f56bfc062723c751e8b465ee728b)  -> (artifact id: 'efcaa34cebeaf975ec04f3ee61454dd1') in 0.048053 seconds
  Import took 0.061202 seconds .

========================================================================
Received Import Request.
  Time since last request: 0.000595 seconds.
  path: Assets/Assests/arrows/AfterPushUpArrow.png
  artifactKey: Guid(45a078006f5531f4887476ecb8480991) Importer(815301076,1909f56bfc062723c751e8b465ee728b)
Start importing Assets/Assests/arrows/AfterPushUpArrow.png using Guid(45a078006f5531f4887476ecb8480991) Importer(815301076,1909f56bfc062723c751e8b465ee728b)  -> (artifact id: '69be85d92bc851793b6e607452240439') in 0.030770 seconds
  Import took 0.044024 seconds .

========================================================================
Received Import Request.
  Time since last request: 0.000476 seconds.
  path: Assets/Assests/arrows/AfterPushRightArrow.png
  artifactKey: Guid(29f10d5b7e8652544a7aeedf39298800) Importer(815301076,1909f56bfc062723c751e8b465ee728b)
Start importing Assets/Assests/arrows/AfterPushRightArrow.png using Guid(29f10d5b7e8652544a7aeedf39298800) Importer(815301076,1909f56bfc062723c751e8b465ee728b)  -> (artifact id: 'd6c4401b8c45b96ebbdfed508644b9f5') in 0.034525 seconds
  Import took 0.043015 seconds .

========================================================================
Received Import Request.
  Time since last request: 0.000502 seconds.
  path: Assets/Assests/arrows/RightArrow.png
  artifactKey: Guid(6fe7c82b1b6fed04d801f43a0e5889ef) Importer(815301076,1909f56bfc062723c751e8b465ee728b)
Start importing Assets/Assests/arrows/RightArrow.png using Guid(6fe7c82b1b6fed04d801f43a0e5889ef) Importer(815301076,1909f56bfc062723c751e8b465ee728b)  -> (artifact id: '2e5281e95115db80afeac523598a5a8e') in 0.026952 seconds
  Import took 0.035611 seconds .

========================================================================
Received Import Request.
  Time since last request: 0.000494 seconds.
  path: Assets/Assests/arrows/AfterPushLeftArrow.png
  artifactKey: Guid(15c57b3c495c9054490d51085ec76c10) Importer(815301076,1909f56bfc062723c751e8b465ee728b)
Start importing Assets/Assests/arrows/AfterPushLeftArrow.png using Guid(15c57b3c495c9054490d51085ec76c10) Importer(815301076,1909f56bfc062723c751e8b465ee728b)  -> (artifact id: 'bd6ea0dd657e1ad2c7108adf40788fc9') in 0.025920 seconds
  Import took 0.033701 seconds .

========================================================================
Received Import Request.
  Time since last request: 0.000508 seconds.
  path: Assets/Assests/arrows/DownArrow.png
  artifactKey: Guid(f5194a420b808fb48b46eb64d04aa39b) Importer(815301076,1909f56bfc062723c751e8b465ee728b)
Start importing Assets/Assests/arrows/DownArrow.png using Guid(f5194a420b808fb48b46eb64d04aa39b) Importer(815301076,1909f56bfc062723c751e8b465ee728b)  -> (artifact id: '793c09a0468f6a29f93a2b6f92a164ea') in 0.045484 seconds
  Import took 0.056847 seconds .

========================================================================
Received Import Request.
  Time since last request: 0.000546 seconds.
  path: Assets/Assests/arrows/PushDownArrow.png
  artifactKey: Guid(ec292b44064cd154c9a724cceafa7e62) Importer(815301076,1909f56bfc062723c751e8b465ee728b)
Start importing Assets/Assests/arrows/PushDownArrow.png using Guid(ec292b44064cd154c9a724cceafa7e62) Importer(815301076,1909f56bfc062723c751e8b465ee728b)  -> (artifact id: '9da7ecf03aec3eaaf083add6113d9629') in 0.024909 seconds
  Import took 0.032607 seconds .

========================================================================
Received Import Request.
  Time since last request: 0.000446 seconds.
  path: Assets/Assests/arrows/PushUpArrow.png
  artifactKey: Guid(d01e88ece9367794ba9e13b1f76b6464) Importer(815301076,1909f56bfc062723c751e8b465ee728b)
Start importing Assets/Assests/arrows/PushUpArrow.png using Guid(d01e88ece9367794ba9e13b1f76b6464) Importer(815301076,1909f56bfc062723c751e8b465ee728b)  -> (artifact id: 'eff7b690f20a89b196a0c97e4fb79e71') in 0.035199 seconds
  Import took 0.044242 seconds .

========================================================================
Received Import Request.
  Time since last request: 0.000632 seconds.
  path: Assets/Assests/arrows/LeftArrow.png
  artifactKey: Guid(6a278ea60693c694bb82c581a49e5200) Importer(815301076,1909f56bfc062723c751e8b465ee728b)
Start importing Assets/Assests/arrows/LeftArrow.png using Guid(6a278ea60693c694bb82c581a49e5200) Importer(815301076,1909f56bfc062723c751e8b465ee728b)  -> (artifact id: '3b2e03a80c462e2e5f79f69324b1874d') in 0.029362 seconds
  Import took 0.044404 seconds .

========================================================================
Received Import Request.
  Time since last request: 0.000470 seconds.
  path: Assets/Assests/arrows/PushRightArrow.png
  artifactKey: Guid(45057190eb3dd5747ac9a9595857524f) Importer(815301076,1909f56bfc062723c751e8b465ee728b)
Start importing Assets/Assests/arrows/PushRightArrow.png using Guid(45057190eb3dd5747ac9a9595857524f) Importer(815301076,1909f56bfc062723c751e8b465ee728b)  -> (artifact id: 'b673823fc14db5c3e92fb3edc2961e06') in 0.030162 seconds
  Import took 0.038028 seconds .

========================================================================
Received Import Request.
  Time since last request: 0.007513 seconds.
  path: Assets/Assests/arrows/PushRightArrow.png
  artifactKey: Guid(45057190eb3dd5747ac9a9595857524f) Importer(815301076,1909f56bfc062723c751e8b465ee728b)
Start importing Assets/Assests/arrows/PushRightArrow.png using Guid(45057190eb3dd5747ac9a9595857524f) Importer(815301076,1909f56bfc062723c751e8b465ee728b)  -> (artifact id: 'b673823fc14db5c3e92fb3edc2961e06') in 0.026832 seconds
  Import took 0.037662 seconds .

AssetImportWorkerClient::OnTransportError - code=2 error=End of file
