Using pre-set license
Built from '2020.2/release' branch; Version is '2020.2.4f1 (becced5a802b) revision 12504301'; Using compiler version '192528614'; Build Type 'Release'
OS: 'Windows 10 Pro Education; OS build 18363.1556; Version 1909; 64bit' Language: 'ar' Physical Memory: 8096 MB
BatchMode: 1, IsHumanControllingUs: 0, StartBugReporterOnCrash: 0, Is64bit: 1, IsPro: 0

 COMMAND LINE ARGUMENTS:
C:\Program Files\Unity\Hub\Editor\2020.2.4f1\Editor\Unity.exe
-adb2
-batchMode
-noUpm
-name
AssetImportWorker0
-projectPath
C:/TafraJam/Tafra-Jam-Game/src
-logFile
Logs/AssetImportWorker0.log
-srvPort
60518
Successfully changed project path to: C:/TafraJam/Tafra-Jam-Game/src
C:/TafraJam/Tafra-Jam-Game/src
Using Asset Import Pipeline V2.
Refreshing native plugins compatible for Editor in 196.63 ms, found 1 plugins.
Preloading 0 native plugins for Editor in 0.00 ms.
Initialize engine version: 2020.2.4f1 (becced5a802b)
[Subsystems] Discovering subsystems at path C:/Program Files/Unity/Hub/Editor/2020.2.4f1/Editor/Data/Resources/UnitySubsystems
[Subsystems] Discovering subsystems at path C:/TafraJam/Tafra-Jam-Game/src/Assets
GfxDevice: creating device client; threaded=0
Direct3D:
    Version:  Direct3D 11.0 [level 11.1]
    Renderer: Intel(R) HD Graphics Family (ID=0xa1e)
    Vendor:   
    VRAM:     2048 MB
    Driver:   20.19.15.4531
Initialize mono
Mono path[0] = 'C:/Program Files/Unity/Hub/Editor/2020.2.4f1/Editor/Data/Managed'
Mono path[1] = 'C:/Program Files/Unity/Hub/Editor/2020.2.4f1/Editor/Data/MonoBleedingEdge/lib/mono/unityjit'
Mono config path = 'C:/Program Files/Unity/Hub/Editor/2020.2.4f1/Editor/Data/MonoBleedingEdge/etc'
Using monoOptions --debugger-agent=transport=dt_socket,embedding=1,server=y,suspend=n,address=127.0.0.1:56936
Begin MonoManager ReloadAssembly
Registering precompiled unity dll's ...
Register platform support module: C:/Program Files/Unity/Hub/Editor/2020.2.4f1/Editor/Data/PlaybackEngines/WindowsStandaloneSupport/UnityEditor.WindowsStandalone.Extensions.dll
Registered in 0.003557 seconds.
Native extension for WindowsStandalone target not found
Refreshing native plugins compatible for Editor in 136.72 ms, found 1 plugins.
Preloading 0 native plugins for Editor in 0.00 ms.
Invoked RoslynAnalysisRunner static constructor.
RoslynAnalysisRunner will not be running.
RoslynAnalysisRunner has terminated.
Mono: successfully reloaded assembly
- Completed reload, in  3.515 seconds
Platform modules already initialized, skipping
Registering precompiled user dll's ...
Registered in 0.007384 seconds.
Begin MonoManager ReloadAssembly
Native extension for WindowsStandalone target not found
Refreshing native plugins compatible for Editor in 114.52 ms, found 1 plugins.
Preloading 0 native plugins for Editor in 0.00 ms.
Invoked RoslynAnalysisRunner static constructor.
RoslynAnalysisRunner will not be running.
RoslynAnalysisRunner has terminated.
Mono: successfully reloaded assembly
- Completed reload, in  3.716 seconds
Platform modules already initialized, skipping
========================================================================
Worker process is ready to serve import requests
Launched and connected shader compiler UnityShaderCompiler.exe after 0.26 seconds
Refreshing native plugins compatible for Editor in 1.24 ms, found 1 plugins.
Preloading 0 native plugins for Editor in 0.00 ms.
Unloading 1853 Unused Serialized files (Serialized files now loaded: 0)
System memory in use before: 87.7 MB.
System memory in use after: 87.6 MB.

Unloading 23 unused Assets to reduce memory usage. Loaded Objects now: 2296.
Total: 7.111400 ms (FindLiveObjects: 0.486100 ms CreateObjectMapping: 0.203700 ms MarkObjects: 6.051500 ms  DeleteObjects: 0.365600 ms)

========================================================================
Received Prepare
Registering precompiled user dll's ...
Registered in 0.002248 seconds.
Begin MonoManager ReloadAssembly
Native extension for WindowsStandalone target not found
Refreshing native plugins compatible for Editor in 0.71 ms, found 1 plugins.
Preloading 0 native plugins for Editor in 0.00 ms.
Invoked RoslynAnalysisRunner static constructor.
RoslynAnalysisRunner will not be running.
RoslynAnalysisRunner has terminated.
Mono: successfully reloaded assembly
- Completed reload, in  1.812 seconds
Platform modules already initialized, skipping
Refreshing native plugins compatible for Editor in 0.89 ms, found 1 plugins.
Preloading 0 native plugins for Editor in 0.00 ms.
Unloading 1834 Unused Serialized files (Serialized files now loaded: 0)
System memory in use before: 86.5 MB.
System memory in use after: 86.5 MB.

Unloading 11 unused Assets to reduce memory usage. Loaded Objects now: 2299.
Total: 4.728600 ms (FindLiveObjects: 0.378400 ms CreateObjectMapping: 0.195300 ms MarkObjects: 3.930000 ms  DeleteObjects: 0.221600 ms)

========================================================================
Received Import Request.
  path: Assets/Scripts/SceneFade.cs
  artifactKey: Guid(f9e09f9d673d05443a0459149563525b) Importer(815301076,1909f56bfc062723c751e8b465ee728b)
Start importing Assets/Scripts/SceneFade.cs using Guid(f9e09f9d673d05443a0459149563525b) Importer(815301076,1909f56bfc062723c751e8b465ee728b)  -> (artifact id: '9d1cf5a44354288a967188502b6af4fc') in 0.085698 seconds
  Import took 0.095095 seconds .

========================================================================
Received Prepare
Registering precompiled user dll's ...
Registered in 0.004601 seconds.
Begin MonoManager ReloadAssembly
Native extension for WindowsStandalone target not found
Refreshing native plugins compatible for Editor in 1.15 ms, found 1 plugins.
Preloading 0 native plugins for Editor in 0.00 ms.
Invoked RoslynAnalysisRunner static constructor.
RoslynAnalysisRunner will not be running.
RoslynAnalysisRunner has terminated.
Mono: successfully reloaded assembly
- Completed reload, in  3.240 seconds
Platform modules already initialized, skipping
Refreshing native plugins compatible for Editor in 1.90 ms, found 1 plugins.
Preloading 0 native plugins for Editor in 0.00 ms.
Unloading 1834 Unused Serialized files (Serialized files now loaded: 0)
System memory in use before: 86.6 MB.
System memory in use after: 86.6 MB.

Unloading 11 unused Assets to reduce memory usage. Loaded Objects now: 2302.
Total: 5.197200 ms (FindLiveObjects: 0.463600 ms CreateObjectMapping: 0.226900 ms MarkObjects: 4.238100 ms  DeleteObjects: 0.264600 ms)

========================================================================
Received Prepare
Registering precompiled user dll's ...
Registered in 0.007420 seconds.
Begin MonoManager ReloadAssembly
Native extension for WindowsStandalone target not found
Refreshing native plugins compatible for Editor in 0.90 ms, found 1 plugins.
Preloading 0 native plugins for Editor in 0.00 ms.
Invoked RoslynAnalysisRunner static constructor.
RoslynAnalysisRunner will not be running.
RoslynAnalysisRunner has terminated.
Mono: successfully reloaded assembly
- Completed reload, in  3.952 seconds
Platform modules already initialized, skipping
Refreshing native plugins compatible for Editor in 1.71 ms, found 1 plugins.
Preloading 0 native plugins for Editor in 0.00 ms.
Unloading 1834 Unused Serialized files (Serialized files now loaded: 0)
System memory in use before: 86.6 MB.
System memory in use after: 86.6 MB.

Unloading 11 unused Assets to reduce memory usage. Loaded Objects now: 2305.
Total: 7.849400 ms (FindLiveObjects: 0.386300 ms CreateObjectMapping: 0.249700 ms MarkObjects: 6.970600 ms  DeleteObjects: 0.239000 ms)

========================================================================
Received Prepare
Registering precompiled user dll's ...
Registered in 0.004122 seconds.
Begin MonoManager ReloadAssembly
Native extension for WindowsStandalone target not found
Refreshing native plugins compatible for Editor in 1.45 ms, found 1 plugins.
Preloading 0 native plugins for Editor in 0.00 ms.
Invoked RoslynAnalysisRunner static constructor.
RoslynAnalysisRunner will not be running.
RoslynAnalysisRunner has terminated.
Mono: successfully reloaded assembly
- Completed reload, in  2.525 seconds
Platform modules already initialized, skipping
Refreshing native plugins compatible for Editor in 1.26 ms, found 1 plugins.
Preloading 0 native plugins for Editor in 0.00 ms.
Unloading 1834 Unused Serialized files (Serialized files now loaded: 0)
System memory in use before: 86.6 MB.
System memory in use after: 86.6 MB.

Unloading 11 unused Assets to reduce memory usage. Loaded Objects now: 2308.
Total: 4.046300 ms (FindLiveObjects: 0.314000 ms CreateObjectMapping: 0.168100 ms MarkObjects: 3.373100 ms  DeleteObjects: 0.188600 ms)

========================================================================
Received Prepare
Registering precompiled user dll's ...
Registered in 0.003689 seconds.
Begin MonoManager ReloadAssembly
Native extension for WindowsStandalone target not found
Refreshing native plugins compatible for Editor in 0.82 ms, found 1 plugins.
Preloading 0 native plugins for Editor in 0.00 ms.
Invoked RoslynAnalysisRunner static constructor.
RoslynAnalysisRunner will not be running.
RoslynAnalysisRunner has terminated.
Mono: successfully reloaded assembly
- Completed reload, in  2.971 seconds
Platform modules already initialized, skipping
Refreshing native plugins compatible for Editor in 0.77 ms, found 1 plugins.
Preloading 0 native plugins for Editor in 0.00 ms.
Unloading 1834 Unused Serialized files (Serialized files now loaded: 0)
System memory in use before: 86.6 MB.
System memory in use after: 86.6 MB.

Unloading 11 unused Assets to reduce memory usage. Loaded Objects now: 2311.
Total: 6.849000 ms (FindLiveObjects: 0.727900 ms CreateObjectMapping: 0.477900 ms MarkObjects: 5.358000 ms  DeleteObjects: 0.276900 ms)

========================================================================
Received Prepare
Registering precompiled user dll's ...
Registered in 0.004412 seconds.
Begin MonoManager ReloadAssembly
Native extension for WindowsStandalone target not found
Refreshing native plugins compatible for Editor in 1.56 ms, found 1 plugins.
Preloading 0 native plugins for Editor in 0.00 ms.
Invoked RoslynAnalysisRunner static constructor.
RoslynAnalysisRunner will not be running.
RoslynAnalysisRunner has terminated.
Mono: successfully reloaded assembly
- Completed reload, in  7.607 seconds
Platform modules already initialized, skipping
Refreshing native plugins compatible for Editor in 1.21 ms, found 1 plugins.
Preloading 0 native plugins for Editor in 0.00 ms.
Unloading 1834 Unused Serialized files (Serialized files now loaded: 0)
System memory in use before: 86.6 MB.
System memory in use after: 86.7 MB.

Unloading 11 unused Assets to reduce memory usage. Loaded Objects now: 2314.
Total: 6.216800 ms (FindLiveObjects: 0.714500 ms CreateObjectMapping: 0.350600 ms MarkObjects: 4.964400 ms  DeleteObjects: 0.182900 ms)

========================================================================
Received Prepare
Registering precompiled user dll's ...
Registered in 0.003145 seconds.
Begin MonoManager ReloadAssembly
Native extension for WindowsStandalone target not found
Refreshing native plugins compatible for Editor in 0.73 ms, found 1 plugins.
Preloading 0 native plugins for Editor in 0.00 ms.
Invoked RoslynAnalysisRunner static constructor.
RoslynAnalysisRunner will not be running.
RoslynAnalysisRunner has terminated.
Mono: successfully reloaded assembly
- Completed reload, in  2.805 seconds
Platform modules already initialized, skipping
Refreshing native plugins compatible for Editor in 2.10 ms, found 1 plugins.
Preloading 0 native plugins for Editor in 0.00 ms.
Unloading 1834 Unused Serialized files (Serialized files now loaded: 0)
System memory in use before: 86.6 MB.
System memory in use after: 86.7 MB.

Unloading 11 unused Assets to reduce memory usage. Loaded Objects now: 2317.
Total: 5.286000 ms (FindLiveObjects: 0.448700 ms CreateObjectMapping: 0.326500 ms MarkObjects: 4.290000 ms  DeleteObjects: 0.217700 ms)

========================================================================
Received Prepare
Registering precompiled user dll's ...
Registered in 0.001770 seconds.
Begin MonoManager ReloadAssembly
Native extension for WindowsStandalone target not found
Refreshing native plugins compatible for Editor in 0.68 ms, found 1 plugins.
Preloading 0 native plugins for Editor in 0.00 ms.
Invoked RoslynAnalysisRunner static constructor.
RoslynAnalysisRunner will not be running.
RoslynAnalysisRunner has terminated.
Mono: successfully reloaded assembly
- Completed reload, in  1.974 seconds
Platform modules already initialized, skipping
Refreshing native plugins compatible for Editor in 0.72 ms, found 1 plugins.
Preloading 0 native plugins for Editor in 0.00 ms.
Unloading 1834 Unused Serialized files (Serialized files now loaded: 0)
System memory in use before: 86.7 MB.
System memory in use after: 86.7 MB.

Unloading 11 unused Assets to reduce memory usage. Loaded Objects now: 2320.
Total: 4.732000 ms (FindLiveObjects: 0.320700 ms CreateObjectMapping: 0.198300 ms MarkObjects: 3.989700 ms  DeleteObjects: 0.219700 ms)

========================================================================
Received Prepare
Registering precompiled user dll's ...
Registered in 0.003175 seconds.
Begin MonoManager ReloadAssembly
Native extension for WindowsStandalone target not found
Refreshing native plugins compatible for Editor in 0.62 ms, found 1 plugins.
Preloading 0 native plugins for Editor in 0.00 ms.
Invoked RoslynAnalysisRunner static constructor.
RoslynAnalysisRunner will not be running.
RoslynAnalysisRunner has terminated.
Mono: successfully reloaded assembly
- Completed reload, in  2.589 seconds
Platform modules already initialized, skipping
Refreshing native plugins compatible for Editor in 0.69 ms, found 1 plugins.
Preloading 0 native plugins for Editor in 0.00 ms.
Unloading 1834 Unused Serialized files (Serialized files now loaded: 0)
System memory in use before: 86.7 MB.
System memory in use after: 86.7 MB.

Unloading 11 unused Assets to reduce memory usage. Loaded Objects now: 2323.
Total: 4.044000 ms (FindLiveObjects: 0.314700 ms CreateObjectMapping: 0.164000 ms MarkObjects: 3.376700 ms  DeleteObjects: 0.185600 ms)

========================================================================
Received Prepare
Registering precompiled user dll's ...
Registered in 0.002495 seconds.
Begin MonoManager ReloadAssembly
Native extension for WindowsStandalone target not found
Refreshing native plugins compatible for Editor in 0.76 ms, found 1 plugins.
Preloading 0 native plugins for Editor in 0.00 ms.
Invoked RoslynAnalysisRunner static constructor.
RoslynAnalysisRunner will not be running.
RoslynAnalysisRunner has terminated.
Mono: successfully reloaded assembly
- Completed reload, in  2.218 seconds
Platform modules already initialized, skipping
Refreshing native plugins compatible for Editor in 0.83 ms, found 1 plugins.
Preloading 0 native plugins for Editor in 0.00 ms.
Unloading 1834 Unused Serialized files (Serialized files now loaded: 0)
System memory in use before: 86.7 MB.
System memory in use after: 86.7 MB.

Unloading 11 unused Assets to reduce memory usage. Loaded Objects now: 2326.
Total: 4.953300 ms (FindLiveObjects: 0.450000 ms CreateObjectMapping: 0.260300 ms MarkObjects: 4.030200 ms  DeleteObjects: 0.209300 ms)

========================================================================
Received Prepare
Registering precompiled user dll's ...
Registered in 0.004787 seconds.
Begin MonoManager ReloadAssembly
Native extension for WindowsStandalone target not found
Refreshing native plugins compatible for Editor in 0.63 ms, found 1 plugins.
Preloading 0 native plugins for Editor in 0.00 ms.
Invoked RoslynAnalysisRunner static constructor.
RoslynAnalysisRunner will not be running.
RoslynAnalysisRunner has terminated.
Mono: successfully reloaded assembly
- Completed reload, in  3.183 seconds
Platform modules already initialized, skipping
Refreshing native plugins compatible for Editor in 0.88 ms, found 1 plugins.
Preloading 0 native plugins for Editor in 0.00 ms.
Unloading 1834 Unused Serialized files (Serialized files now loaded: 0)
System memory in use before: 86.7 MB.
System memory in use after: 86.7 MB.

Unloading 11 unused Assets to reduce memory usage. Loaded Objects now: 2329.
Total: 6.340300 ms (FindLiveObjects: 0.313700 ms CreateObjectMapping: 0.163000 ms MarkObjects: 5.673200 ms  DeleteObjects: 0.187600 ms)

========================================================================
Received Import Request.
  Time since last request: 1106.630524 seconds.
  path: Assets/Assests/Anims/FadeImage.controller
  artifactKey: Guid(5bf132ca66bcb3140818f32ab13fcd86) Importer(815301076,1909f56bfc062723c751e8b465ee728b)
Start importing Assets/Assests/Anims/FadeImage.controller using Guid(5bf132ca66bcb3140818f32ab13fcd86) Importer(815301076,1909f56bfc062723c751e8b465ee728b)  -> (artifact id: '13a505d7be314c075978d3c9e4072f77') in 0.067847 seconds
  Import took 0.081937 seconds .

========================================================================
Received Import Request.
  Time since last request: 47.642213 seconds.
  path: Assets/Assests/Anims/fade in.anim
  artifactKey: Guid(9bea3a4916a659e499bb5dd496ca92aa) Importer(815301076,1909f56bfc062723c751e8b465ee728b)
Start importing Assets/Assests/Anims/fade in.anim using Guid(9bea3a4916a659e499bb5dd496ca92aa) Importer(815301076,1909f56bfc062723c751e8b465ee728b)  -> (artifact id: 'ff7adde1f9d973fd61405bf8ac33226f') in 0.035787 seconds
  Import took 0.045657 seconds .

========================================================================
Received Prepare
Registering precompiled user dll's ...
Registered in 0.001770 seconds.
Begin MonoManager ReloadAssembly
Native extension for WindowsStandalone target not found
Refreshing native plugins compatible for Editor in 0.60 ms, found 1 plugins.
Preloading 0 native plugins for Editor in 0.00 ms.
Invoked RoslynAnalysisRunner static constructor.
RoslynAnalysisRunner will not be running.
RoslynAnalysisRunner has terminated.
Mono: successfully reloaded assembly
- Completed reload, in  1.699 seconds
Platform modules already initialized, skipping
Refreshing native plugins compatible for Editor in 1.14 ms, found 1 plugins.
Preloading 0 native plugins for Editor in 0.00 ms.
Unloading 1834 Unused Serialized files (Serialized files now loaded: 0)
System memory in use before: 86.7 MB.
System memory in use after: 86.7 MB.

Unloading 11 unused Assets to reduce memory usage. Loaded Objects now: 2332.
Total: 4.023400 ms (FindLiveObjects: 0.322000 ms CreateObjectMapping: 0.161200 ms MarkObjects: 3.340100 ms  DeleteObjects: 0.197700 ms)

========================================================================
Received Import Request.
  Time since last request: 221.867708 seconds.
  path: Assets/Assests/Anims/FadeImage.controller
  artifactKey: Guid(5bf132ca66bcb3140818f32ab13fcd86) Importer(815301076,1909f56bfc062723c751e8b465ee728b)
Start importing Assets/Assests/Anims/FadeImage.controller using Guid(5bf132ca66bcb3140818f32ab13fcd86) Importer(815301076,1909f56bfc062723c751e8b465ee728b)  -> (artifact id: '69821cbb93bec7dfc019771a020bab68') in 0.045657 seconds
  Import took 0.055324 seconds .

========================================================================
Received Prepare
Registering precompiled user dll's ...
Registered in 0.002495 seconds.
Begin MonoManager ReloadAssembly
Native extension for WindowsStandalone target not found
Refreshing native plugins compatible for Editor in 0.64 ms, found 1 plugins.
Preloading 0 native plugins for Editor in 0.00 ms.
Invoked RoslynAnalysisRunner static constructor.
RoslynAnalysisRunner will not be running.
RoslynAnalysisRunner has terminated.
Mono: successfully reloaded assembly
- Completed reload, in  1.977 seconds
Platform modules already initialized, skipping
Refreshing native plugins compatible for Editor in 1.12 ms, found 1 plugins.
Preloading 0 native plugins for Editor in 0.00 ms.
Unloading 1834 Unused Serialized files (Serialized files now loaded: 0)
System memory in use before: 86.7 MB.
System memory in use after: 86.7 MB.

Unloading 11 unused Assets to reduce memory usage. Loaded Objects now: 2335.
Total: 4.628000 ms (FindLiveObjects: 0.412700 ms CreateObjectMapping: 0.258100 ms MarkObjects: 3.688400 ms  DeleteObjects: 0.264900 ms)

========================================================================
Received Prepare
Registering precompiled user dll's ...
Registered in 0.002090 seconds.
Begin MonoManager ReloadAssembly
Native extension for WindowsStandalone target not found
Refreshing native plugins compatible for Editor in 0.67 ms, found 1 plugins.
Preloading 0 native plugins for Editor in 0.00 ms.
Invoked RoslynAnalysisRunner static constructor.
RoslynAnalysisRunner will not be running.
RoslynAnalysisRunner has terminated.
Mono: successfully reloaded assembly
- Completed reload, in  1.892 seconds
Platform modules already initialized, skipping
Refreshing native plugins compatible for Editor in 1.22 ms, found 1 plugins.
Preloading 0 native plugins for Editor in 0.00 ms.
Unloading 1834 Unused Serialized files (Serialized files now loaded: 0)
System memory in use before: 86.7 MB.
System memory in use after: 86.7 MB.

Unloading 11 unused Assets to reduce memory usage. Loaded Objects now: 2338.
Total: 4.888700 ms (FindLiveObjects: 0.371700 ms CreateObjectMapping: 0.185300 ms MarkObjects: 4.127600 ms  DeleteObjects: 0.201300 ms)

========================================================================
Received Import Request.
  Time since last request: 170.648944 seconds.
  path: Assets/Assests/Anims/Fade_Out.anim
  artifactKey: Guid(e8008ac6b254cb143b2545ea7ab7ffc3) Importer(815301076,1909f56bfc062723c751e8b465ee728b)
Start importing Assets/Assests/Anims/Fade_Out.anim using Guid(e8008ac6b254cb143b2545ea7ab7ffc3) Importer(815301076,1909f56bfc062723c751e8b465ee728b)  -> (artifact id: 'f06889fe218fc04c173c243c46041830') in 0.053121 seconds
  Import took 0.062572 seconds .

========================================================================
Received Import Request.
  Time since last request: 1.007467 seconds.
  path: Assets/Assests/Anims/Fade_In.anim
  artifactKey: Guid(89e38c259179bf6498c2f856ff05e0d5) Importer(815301076,1909f56bfc062723c751e8b465ee728b)
Start importing Assets/Assests/Anims/Fade_In.anim using Guid(89e38c259179bf6498c2f856ff05e0d5) Importer(815301076,1909f56bfc062723c751e8b465ee728b)  -> (artifact id: '251ea3f3b8f740732621b2db28f1e42f') in 0.033630 seconds
  Import took 0.042972 seconds .

========================================================================
Received Prepare
Registering precompiled user dll's ...
Registered in 0.003126 seconds.
Begin MonoManager ReloadAssembly
Native extension for WindowsStandalone target not found
Refreshing native plugins compatible for Editor in 0.71 ms, found 1 plugins.
Preloading 0 native plugins for Editor in 0.00 ms.
Invoked RoslynAnalysisRunner static constructor.
RoslynAnalysisRunner will not be running.
RoslynAnalysisRunner has terminated.
Mono: successfully reloaded assembly
- Completed reload, in  2.122 seconds
Platform modules already initialized, skipping
Refreshing native plugins compatible for Editor in 1.15 ms, found 1 plugins.
Preloading 0 native plugins for Editor in 0.00 ms.
Unloading 1834 Unused Serialized files (Serialized files now loaded: 0)
System memory in use before: 86.7 MB.
System memory in use after: 86.7 MB.

Unloading 11 unused Assets to reduce memory usage. Loaded Objects now: 2341.
Total: 5.669600 ms (FindLiveObjects: 0.345400 ms CreateObjectMapping: 0.168000 ms MarkObjects: 4.954900 ms  DeleteObjects: 0.198700 ms)

========================================================================
Received Prepare
Registering precompiled user dll's ...
Registered in 0.003027 seconds.
Begin MonoManager ReloadAssembly
Native extension for WindowsStandalone target not found
Refreshing native plugins compatible for Editor in 0.64 ms, found 1 plugins.
Preloading 0 native plugins for Editor in 0.00 ms.
Invoked RoslynAnalysisRunner static constructor.
RoslynAnalysisRunner will not be running.
RoslynAnalysisRunner has terminated.
Mono: successfully reloaded assembly
- Completed reload, in  2.695 seconds
Platform modules already initialized, skipping
Refreshing native plugins compatible for Editor in 0.75 ms, found 1 plugins.
Preloading 0 native plugins for Editor in 0.00 ms.
Unloading 1834 Unused Serialized files (Serialized files now loaded: 0)
System memory in use before: 86.7 MB.
System memory in use after: 86.8 MB.

Unloading 11 unused Assets to reduce memory usage. Loaded Objects now: 2344.
Total: 4.158000 ms (FindLiveObjects: 0.371300 ms CreateObjectMapping: 0.165900 ms MarkObjects: 3.427600 ms  DeleteObjects: 0.190800 ms)

========================================================================
Received Prepare
Registering precompiled user dll's ...
Registered in 0.002513 seconds.
Begin MonoManager ReloadAssembly
Native extension for WindowsStandalone target not found
Refreshing native plugins compatible for Editor in 0.99 ms, found 1 plugins.
Preloading 0 native plugins for Editor in 0.00 ms.
Invoked RoslynAnalysisRunner static constructor.
RoslynAnalysisRunner will not be running.
RoslynAnalysisRunner has terminated.
Mono: successfully reloaded assembly
- Completed reload, in  1.956 seconds
Platform modules already initialized, skipping
Refreshing native plugins compatible for Editor in 0.77 ms, found 1 plugins.
Preloading 0 native plugins for Editor in 0.00 ms.
Unloading 1834 Unused Serialized files (Serialized files now loaded: 0)
System memory in use before: 86.7 MB.
System memory in use after: 86.8 MB.

Unloading 11 unused Assets to reduce memory usage. Loaded Objects now: 2347.
Total: 3.937100 ms (FindLiveObjects: 0.349200 ms CreateObjectMapping: 0.161800 ms MarkObjects: 3.223200 ms  DeleteObjects: 0.199900 ms)

========================================================================
Received Prepare
Registering precompiled user dll's ...
Registered in 0.002175 seconds.
Begin MonoManager ReloadAssembly
Native extension for WindowsStandalone target not found
Refreshing native plugins compatible for Editor in 0.59 ms, found 1 plugins.
Preloading 0 native plugins for Editor in 0.00 ms.
Invoked RoslynAnalysisRunner static constructor.
RoslynAnalysisRunner will not be running.
RoslynAnalysisRunner has terminated.
Mono: successfully reloaded assembly
- Completed reload, in  3.021 seconds
Platform modules already initialized, skipping
Refreshing native plugins compatible for Editor in 0.72 ms, found 1 plugins.
Preloading 0 native plugins for Editor in 0.00 ms.
Unloading 1834 Unused Serialized files (Serialized files now loaded: 0)
System memory in use before: 86.7 MB.
System memory in use after: 86.8 MB.

Unloading 11 unused Assets to reduce memory usage. Loaded Objects now: 2350.
Total: 3.982600 ms (FindLiveObjects: 0.314600 ms CreateObjectMapping: 0.163400 ms MarkObjects: 3.306300 ms  DeleteObjects: 0.195800 ms)

========================================================================
Received Prepare
Registering precompiled user dll's ...
Registered in 0.002208 seconds.
Begin MonoManager ReloadAssembly
Native extension for WindowsStandalone target not found
Refreshing native plugins compatible for Editor in 0.94 ms, found 1 plugins.
Preloading 0 native plugins for Editor in 0.00 ms.
Invoked RoslynAnalysisRunner static constructor.
RoslynAnalysisRunner will not be running.
RoslynAnalysisRunner has terminated.
Mono: successfully reloaded assembly
- Completed reload, in  2.877 seconds
Platform modules already initialized, skipping
Refreshing native plugins compatible for Editor in 0.75 ms, found 1 plugins.
Preloading 0 native plugins for Editor in 0.00 ms.
Unloading 1834 Unused Serialized files (Serialized files now loaded: 0)
System memory in use before: 86.8 MB.
System memory in use after: 86.8 MB.

Unloading 11 unused Assets to reduce memory usage. Loaded Objects now: 2353.
Total: 6.782900 ms (FindLiveObjects: 0.377700 ms CreateObjectMapping: 0.202100 ms MarkObjects: 6.002200 ms  DeleteObjects: 0.197700 ms)

========================================================================
Received Prepare
Registering precompiled user dll's ...
Registered in 0.002972 seconds.
Begin MonoManager ReloadAssembly
Native extension for WindowsStandalone target not found
Refreshing native plugins compatible for Editor in 0.61 ms, found 1 plugins.
Preloading 0 native plugins for Editor in 0.00 ms.
Invoked RoslynAnalysisRunner static constructor.
RoslynAnalysisRunner will not be running.
RoslynAnalysisRunner has terminated.
Mono: successfully reloaded assembly
- Completed reload, in  1.756 seconds
Platform modules already initialized, skipping
Refreshing native plugins compatible for Editor in 1.40 ms, found 1 plugins.
Preloading 0 native plugins for Editor in 0.00 ms.
Unloading 1834 Unused Serialized files (Serialized files now loaded: 0)
System memory in use before: 86.8 MB.
System memory in use after: 86.8 MB.

Unloading 11 unused Assets to reduce memory usage. Loaded Objects now: 2356.
Total: 10.951500 ms (FindLiveObjects: 0.759500 ms CreateObjectMapping: 1.121000 ms MarkObjects: 8.775600 ms  DeleteObjects: 0.290600 ms)

========================================================================
Received Prepare
Registering precompiled user dll's ...
Registered in 0.003309 seconds.
Begin MonoManager ReloadAssembly
Native extension for WindowsStandalone target not found
Refreshing native plugins compatible for Editor in 0.64 ms, found 1 plugins.
Preloading 0 native plugins for Editor in 0.00 ms.
Invoked RoslynAnalysisRunner static constructor.
RoslynAnalysisRunner will not be running.
RoslynAnalysisRunner has terminated.
Mono: successfully reloaded assembly
- Completed reload, in  2.565 seconds
Platform modules already initialized, skipping
Refreshing native plugins compatible for Editor in 1.37 ms, found 1 plugins.
Preloading 0 native plugins for Editor in 0.00 ms.
Unloading 1834 Unused Serialized files (Serialized files now loaded: 0)
System memory in use before: 86.8 MB.
System memory in use after: 86.8 MB.

Unloading 11 unused Assets to reduce memory usage. Loaded Objects now: 2359.
Total: 9.558300 ms (FindLiveObjects: 0.608600 ms CreateObjectMapping: 0.246100 ms MarkObjects: 8.344000 ms  DeleteObjects: 0.355300 ms)

========================================================================
Received Prepare
Registering precompiled user dll's ...
Registered in 0.066333 seconds.
Begin MonoManager ReloadAssembly
Native extension for WindowsStandalone target not found
Refreshing native plugins compatible for Editor in 0.75 ms, found 1 plugins.
Preloading 0 native plugins for Editor in 0.00 ms.
Invoked RoslynAnalysisRunner static constructor.
RoslynAnalysisRunner will not be running.
RoslynAnalysisRunner has terminated.
Mono: successfully reloaded assembly
- Completed reload, in  4.116 seconds
Platform modules already initialized, skipping
Refreshing native plugins compatible for Editor in 1.64 ms, found 1 plugins.
Preloading 0 native plugins for Editor in 0.00 ms.
Unloading 1834 Unused Serialized files (Serialized files now loaded: 0)
System memory in use before: 86.8 MB.
System memory in use after: 86.8 MB.

Unloading 11 unused Assets to reduce memory usage. Loaded Objects now: 2362.
Total: 6.385100 ms (FindLiveObjects: 0.542100 ms CreateObjectMapping: 0.339000 ms MarkObjects: 5.097600 ms  DeleteObjects: 0.400800 ms)

========================================================================
Received Prepare
Registering precompiled user dll's ...
Registered in 0.003362 seconds.
Begin MonoManager ReloadAssembly
Native extension for WindowsStandalone target not found
Refreshing native plugins compatible for Editor in 0.72 ms, found 1 plugins.
Preloading 0 native plugins for Editor in 0.00 ms.
Invoked RoslynAnalysisRunner static constructor.
RoslynAnalysisRunner will not be running.
RoslynAnalysisRunner has terminated.
Mono: successfully reloaded assembly
- Completed reload, in  2.634 seconds
Platform modules already initialized, skipping
Refreshing native plugins compatible for Editor in 0.79 ms, found 1 plugins.
Preloading 0 native plugins for Editor in 0.00 ms.
Unloading 1834 Unused Serialized files (Serialized files now loaded: 0)
System memory in use before: 86.8 MB.
System memory in use after: 86.8 MB.

Unloading 11 unused Assets to reduce memory usage. Loaded Objects now: 2365.
Total: 4.925500 ms (FindLiveObjects: 0.482600 ms CreateObjectMapping: 0.175600 ms MarkObjects: 4.060400 ms  DeleteObjects: 0.202600 ms)

========================================================================
Received Import Request.
  Time since last request: 1312.988433 seconds.
  path: Assets/Assests/Anims/FadeImage.controller
  artifactKey: Guid(5bf132ca66bcb3140818f32ab13fcd86) Importer(815301076,1909f56bfc062723c751e8b465ee728b)
Start importing Assets/Assests/Anims/FadeImage.controller using Guid(5bf132ca66bcb3140818f32ab13fcd86) Importer(815301076,1909f56bfc062723c751e8b465ee728b)  -> (artifact id: '3fcdb1d39a8f69ed58f2161998dfdd3b') in 0.047331 seconds
  Import took 0.057566 seconds .

========================================================================
Received Prepare
Registering precompiled user dll's ...
Registered in 0.002775 seconds.
Begin MonoManager ReloadAssembly
Native extension for WindowsStandalone target not found
Refreshing native plugins compatible for Editor in 0.87 ms, found 1 plugins.
Preloading 0 native plugins for Editor in 0.00 ms.
Invoked RoslynAnalysisRunner static constructor.
RoslynAnalysisRunner will not be running.
RoslynAnalysisRunner has terminated.
Mono: successfully reloaded assembly
- Completed reload, in  6.577 seconds
Platform modules already initialized, skipping
Refreshing native plugins compatible for Editor in 1.49 ms, found 1 plugins.
Preloading 0 native plugins for Editor in 0.00 ms.
Unloading 1834 Unused Serialized files (Serialized files now loaded: 0)
System memory in use before: 86.8 MB.
System memory in use after: 86.8 MB.

Unloading 11 unused Assets to reduce memory usage. Loaded Objects now: 2368.
Total: 6.339900 ms (FindLiveObjects: 0.658800 ms CreateObjectMapping: 0.327300 ms MarkObjects: 5.102700 ms  DeleteObjects: 0.247300 ms)

========================================================================
Received Prepare
Registering precompiled user dll's ...
Registered in 0.001947 seconds.
Begin MonoManager ReloadAssembly
Native extension for WindowsStandalone target not found
Refreshing native plugins compatible for Editor in 0.66 ms, found 1 plugins.
Preloading 0 native plugins for Editor in 0.00 ms.
Invoked RoslynAnalysisRunner static constructor.
RoslynAnalysisRunner will not be running.
RoslynAnalysisRunner has terminated.
Mono: successfully reloaded assembly
- Completed reload, in  2.231 seconds
Platform modules already initialized, skipping
Refreshing native plugins compatible for Editor in 1.35 ms, found 1 plugins.
Preloading 0 native plugins for Editor in 0.00 ms.
Unloading 1834 Unused Serialized files (Serialized files now loaded: 0)
System memory in use before: 86.8 MB.
System memory in use after: 86.8 MB.

Unloading 11 unused Assets to reduce memory usage. Loaded Objects now: 2371.
Total: 4.796300 ms (FindLiveObjects: 0.379000 ms CreateObjectMapping: 0.182700 ms MarkObjects: 3.980500 ms  DeleteObjects: 0.250400 ms)

========================================================================
Received Prepare
Registering precompiled user dll's ...
Registered in 0.003481 seconds.
Begin MonoManager ReloadAssembly
Native extension for WindowsStandalone target not found
Refreshing native plugins compatible for Editor in 0.70 ms, found 1 plugins.
Preloading 0 native plugins for Editor in 0.00 ms.
Invoked RoslynAnalysisRunner static constructor.
RoslynAnalysisRunner will not be running.
RoslynAnalysisRunner has terminated.
Mono: successfully reloaded assembly
- Completed reload, in  2.843 seconds
Platform modules already initialized, skipping
Refreshing native plugins compatible for Editor in 1.31 ms, found 1 plugins.
Preloading 0 native plugins for Editor in 0.00 ms.
Unloading 1834 Unused Serialized files (Serialized files now loaded: 0)
System memory in use before: 86.8 MB.
System memory in use after: 86.8 MB.

Unloading 11 unused Assets to reduce memory usage. Loaded Objects now: 2374.
Total: 6.175800 ms (FindLiveObjects: 0.642400 ms CreateObjectMapping: 0.356600 ms MarkObjects: 4.901300 ms  DeleteObjects: 0.270800 ms)

========================================================================
Received Prepare
Registering precompiled user dll's ...
Registered in 0.003186 seconds.
Begin MonoManager ReloadAssembly
Native extension for WindowsStandalone target not found
Refreshing native plugins compatible for Editor in 0.75 ms, found 1 plugins.
Preloading 0 native plugins for Editor in 0.00 ms.
Invoked RoslynAnalysisRunner static constructor.
RoslynAnalysisRunner will not be running.
RoslynAnalysisRunner has terminated.
Mono: successfully reloaded assembly
- Completed reload, in  2.155 seconds
Platform modules already initialized, skipping
Refreshing native plugins compatible for Editor in 0.98 ms, found 1 plugins.
Preloading 0 native plugins for Editor in 0.00 ms.
Unloading 1834 Unused Serialized files (Serialized files now loaded: 0)
System memory in use before: 86.8 MB.
System memory in use after: 86.8 MB.

Unloading 11 unused Assets to reduce memory usage. Loaded Objects now: 2377.
Total: 4.348600 ms (FindLiveObjects: 0.429700 ms CreateObjectMapping: 0.259800 ms MarkObjects: 3.387500 ms  DeleteObjects: 0.268300 ms)

========================================================================
Received Import Request.
  Time since last request: 279.588487 seconds.
  path: Assets/Scripts/SceneFade.cs
  artifactKey: Guid(f9e09f9d673d05443a0459149563525b) Importer(815301076,1909f56bfc062723c751e8b465ee728b)
Start importing Assets/Scripts/SceneFade.cs using Guid(f9e09f9d673d05443a0459149563525b) Importer(815301076,1909f56bfc062723c751e8b465ee728b)  -> (artifact id: '38bfcb4e6ba28c96c12fcdc9ec6d2e8b') in 0.020336 seconds
  Import took 0.027807 seconds .

========================================================================
Received Import Request.
  Time since last request: 0.044507 seconds.
  path: Assets/Scripts/SceneFade.cs
  artifactKey: Guid(f9e09f9d673d05443a0459149563525b) Importer(815301076,1909f56bfc062723c751e8b465ee728b)
Start importing Assets/Scripts/SceneFade.cs using Guid(f9e09f9d673d05443a0459149563525b) Importer(815301076,1909f56bfc062723c751e8b465ee728b)  -> (artifact id: '38bfcb4e6ba28c96c12fcdc9ec6d2e8b') in 0.006926 seconds
  Import took 0.014066 seconds .

========================================================================
Received Import Request.
  Time since last request: 17.601862 seconds.
  path: Assets/Scripts/Enemy.cs
  artifactKey: Guid(e9e74755065ef5d42ac888a698174386) Importer(815301076,1909f56bfc062723c751e8b465ee728b)
Start importing Assets/Scripts/Enemy.cs using Guid(e9e74755065ef5d42ac888a698174386) Importer(815301076,1909f56bfc062723c751e8b465ee728b)  -> (artifact id: 'ffef5efb40334f0a7285a9e5b9e7274c') in 0.032950 seconds
  Import took 0.041012 seconds .

========================================================================
Received Import Request.
  Time since last request: 1.313243 seconds.
  path: Assets/Scripts/Escape.cs
  artifactKey: Guid(a25d18e1e31de22479093c5182f7b231) Importer(815301076,1909f56bfc062723c751e8b465ee728b)
Start importing Assets/Scripts/Escape.cs using Guid(a25d18e1e31de22479093c5182f7b231) Importer(815301076,1909f56bfc062723c751e8b465ee728b)  -> (artifact id: '6f9035fc3b4fb10c6cd148268b0356ef') in 0.024027 seconds
  Import took 0.033631 seconds .

========================================================================
Received Import Request.
  Time since last request: 71.777084 seconds.
  path: Assets/Scripts/Escape.cs
  artifactKey: Guid(a25d18e1e31de22479093c5182f7b231) Importer(815301076,1909f56bfc062723c751e8b465ee728b)
Start importing Assets/Scripts/Escape.cs using Guid(a25d18e1e31de22479093c5182f7b231) Importer(815301076,1909f56bfc062723c751e8b465ee728b)  -> (artifact id: 'f84b0380fa057a1c23016142ffa6d38d') in 0.052150 seconds
  Import took 0.062862 seconds .

========================================================================
Received Prepare
Registering precompiled user dll's ...
Registered in 0.003335 seconds.
Begin MonoManager ReloadAssembly
Native extension for WindowsStandalone target not found
Refreshing native plugins compatible for Editor in 0.62 ms, found 1 plugins.
Preloading 0 native plugins for Editor in 0.00 ms.
Invoked RoslynAnalysisRunner static constructor.
RoslynAnalysisRunner will not be running.
RoslynAnalysisRunner has terminated.
Mono: successfully reloaded assembly
- Completed reload, in  2.183 seconds
Platform modules already initialized, skipping
Refreshing native plugins compatible for Editor in 2.01 ms, found 1 plugins.
Preloading 0 native plugins for Editor in 0.00 ms.
Unloading 1833 Unused Serialized files (Serialized files now loaded: 0)
System memory in use before: 86.8 MB.
System memory in use after: 86.8 MB.

Unloading 12 unused Assets to reduce memory usage. Loaded Objects now: 2379.
Total: 7.455900 ms (FindLiveObjects: 0.443300 ms CreateObjectMapping: 0.186400 ms MarkObjects: 6.610100 ms  DeleteObjects: 0.213100 ms)

========================================================================
Received Prepare
Registering precompiled user dll's ...
Registered in 0.002496 seconds.
Begin MonoManager ReloadAssembly
Native extension for WindowsStandalone target not found
Refreshing native plugins compatible for Editor in 0.66 ms, found 1 plugins.
Preloading 0 native plugins for Editor in 0.00 ms.
Invoked RoslynAnalysisRunner static constructor.
RoslynAnalysisRunner will not be running.
RoslynAnalysisRunner has terminated.
Mono: successfully reloaded assembly
- Completed reload, in  2.510 seconds
Platform modules already initialized, skipping
Refreshing native plugins compatible for Editor in 1.16 ms, found 1 plugins.
Preloading 0 native plugins for Editor in 0.00 ms.
Unloading 1833 Unused Serialized files (Serialized files now loaded: 0)
System memory in use before: 86.8 MB.
System memory in use after: 86.8 MB.

Unloading 11 unused Assets to reduce memory usage. Loaded Objects now: 2382.
Total: 4.686400 ms (FindLiveObjects: 0.520300 ms CreateObjectMapping: 0.273700 ms MarkObjects: 3.671000 ms  DeleteObjects: 0.217300 ms)

AssetImportWorkerClient::OnTransportError - code=2 error=End of file
